[RUN #0 12 11]
33 -717 201 -675 -90 -868 -618 -430 -183 -228 -333 665
-410 -564 -541 -689 97 -568 306 957 930 -584 -718 -946
-845 779 -985 565 218 120 -500 -57 417 -844 -320 529
-835 -438 -119 111 872 -693 430 10 472 107 -345 380
-255 -798 230 -747 15 705 -735 614 876 -377 232 -330
-979 708 862 -526 -420 295 548 155 809 56 425 184
-361 415 -731 -547 914 503 -979 764 -19 -602 605 133
-774 -134 176 -461 -538 595 111 -91 456 -224 -210 -548
71 245 -207 333 -134 999 702 -264 167 705 346 507
365 658 -579 542 -429 34 444 -619 -623 -604 19 -637
-279 -10 184 -63 500 881 540 -597 -527 511 633 -902
[RUN #1 12 11]
-340 23 94 -837 -256 -6 -860 -711 -532 810 -20 -456
-59 -262 -671 -303 -381 -598 743 -739 354 -78 673 891
848 -959 -559 934 -253 -548 607 737 199 384 727 -453
995 469 -956 -569 374 -796 -823 230 -411 -623 352 -744
-304 -944 -120 -694 623 178 -15 335 -368 -536 -4 876
-143 -300 -122 94 216 -914 -868 836 -227 123 356 -609
60 399 599 -340 316 388 920 567 -78 464 -356 -164
-608 432 53 102 -523 -311 -726 189 -846 571 319 854
2 619 -986 -423 97 -160 134 -997 629 -31 909 -113
-297 -785 -345 964 727 16 -677 -576 -883 -634 365 -658
-748 -656 -168 -107 -588 -663 8 928 792 66 671 -300
[RUN #2 2 11]
-767 -374
-364 679
41 -396
104 -326
413 -797
473 -125
195 174
521 -974
387 -392
-154 -529
300 -555
[RUN #3 3 11]
108 143 -752
-753 161 137
569 -408 485
531 860 744
382 -160 -619
985 -344 865
-357 860 -835
228 -786 689
-135 187 -260
-120 -699 611
-607 -535 2
[RUN #4 4 11]
595 -277 911 721
-743 -129 -981 554
382 -555 75 866
-569 644 893 121
-479 -881 882 -329
-17 -311 411 148
860 -602 -145 -568
-178 0 -85 858
675 -86 438 166
950 -319 124 -88
378 -695 322 223
[RUN #5 5 11]
280 -710 925 12 180
678 566 -294 -65 -260
356 376 704 -643 -309
-584 789 -985 -887 173
768 590 735 -20 709
-421 -44 607 546 -730
8 882 616 502 799
-63 -650 -583 -208 3
-732 -362 -589 -842 836
-241 625 -981 484 886
-163 552 145 910 6
[RUN #6 5 50]
-559 760 -32 240 -699
116 248 342 -148 524
-754 312 367 -875 -948
-827 699 -104 825 652
-753 -376 -832 -672 -317
373 -401 566 711 829
-673 -467 -911 -352 -377
204 843 -450 470 -427
-633 -962 -873 -390 -586
-951 915 271 426 -986
-18 723 -897 -112 120
286 -448 -758 656 -893
995 -787 -298 -447 322
31 352 -659 -94 -660
596 -215 300 -765 546
-724 106 631 150 -43
-401 -857 483 -164 -718
-738 -492 -763 -333 -575
820 -870 856 232 -252
372 -726 716 -959 -95
-924 919 -256 -859 916
827 -197 -144 -970 -20
-129 -563 -2 -795 55
19 -167 531 189 508
-530 -585 901 -327 -419
926 -972 424 892 -2
-97 -886 -999 336 -42
613 219 761 -117 639
-901 -944 195 -119 127
-513 126 917 -771 633
-154 663 462 6 -447
303 -79 662 -500 -197
-94 665 -193 -363 -233
586 -612 379 -828 391
-600 161 -627 196 654
-34 58 899 -337 843
-977 -113 -541 -403 -560
-246 -702 -124 -840 -138
169 88 95 603 -12
-146 189 234 907 -762
-4 113 -598 782 4
-91 -848 -575 -183 925
22 -301 -791 -673 -943
850 -21 889 693 379
-282 -897 649 -841 -210
858 605 -471 483 -727
-752 -977 916 -528 -545
140 892 -398 -137 -999
336 443 -793 -992 -414
-652 -367 497 779 -276
[RUN #7 6 50]
657 -569 369 -325 13 -866
938 -83 832 -580 -867 -613
-184 -986 -28 435 -900 -19
153 -647 449 -320 624 -862
498 -646 -513 -653 -280 675
-459 -923 376 -166 -57 247
54 -780 965 136 193 -613
268 -279 309 52 574 866
895 -802 46 -866 506 748
-624 -581 531 949 924 475
-250 -896 -350 -142 -228 97
838 -74 874 802 -55 -327
44 -816 713 296 -520 -613
-198 -891 535 -747 820 2
-664 -876 -628 689 203 985
-168 706 618 -285 -468 895
-557 54 -643 -742 453 626
-691 -197 707 -608 -922 51
-934 -423 -305 -784 -640 -342
206 846 -536 -962 -300 -998
270 -373 -387 -966 477 739
799 -415 252 -61 473 460
-654 395 534 475 -968 35
397 -78 185 -798 -918 123
249 -845 -973 -227 -882 5
-279 781 -671 257 56 121
652 974 -538 -999 294 -509
-473 -654 293 -130 796 -829
868 129 -212 -878 -390 -28
-179 -262 -156 864 686 -159
129 -280 872 -685 -500 -812
-805 -176 -289 428 -749 -265
-830 -606 324 -632 -768 -778
-916 682 -253 -929 -209 59
669 -699 610 308 -184 -930
-555 80 578 462 61 -406
-352 190 851 -433 -962 609
532 -36 636 554 -764 -115
-279 -357 190 -289 -848 619
-372 -363 -213 657 454 273
-247 778 13 645 243 776
-201 532 -828 846 -553 134
-386 -875 65 19 743 -573
-610 40 602 -687 92 -87
-311 -942 549 -528 287 -867
-911 585 -540 847 -174 198
-2 520 446 984 -344 -254
-320 -403 -877 448 -739 656
514 545 978 -332 392 80
549 404 -75 317 755 -578
[RUN #8 100 10]
-716 11 457 -930 -575 792 -275 898 -829 -979 446 769 -891 755 297 -212 -796 -147 322 -739 420 801 -36 259 -55 -992 -686 -669 -398 -728 611 587 -88 616 -827 581 -730 172 -895 -261 -293 32 261 223 544 568 -231 -65 -695 -430 -888 -6 391 649 817 273 586 266 483 -853 -21 -530 -926 -272 177 -222 250 171 -393 -683 214 310 891 779 447 31 920 488 940 235 -596 766 971 908 -471 -150 114 -898 311 -117 869 -831 -263 -340 440 -885 890 856 -139 1
718 613 445 602 -109 -776 148 684 794 717 -194 -979 -83 -971 611 -273 284 626 740 396 -825 493 -382 631 193 -927 30 442 -644 -48 -71 62 -844 -907 731 509 405 -147 650 -583 -152 -157 797 -52 -487 668 -311 -324 -747 -479 125 166 -908 -245 -191 853 171 486 584 800 -434 364 -909 250 878 -494 903 -129 183 -3 305 225 90 -783 -141 441 -947 430 451 617 17 280 -818 -209 -234 -595 -536 944 -663 -970 392 157 393 319 -629 652 780 144 -530 257
484 54 346 584 -450 398 -9 -98 405 488 312 -249 -209 198 -932 -462 325 -445 891 -559 -207 -866 132 -165 718 -531 56 -965 53 -125 -446 -927 308 -199 71 598 -354 601 57 -233 -667 358 13 114 945 636 170 -586 961 -540 963 996 -995 -612 -111 -452 180 -545 617 -486 175 -260 229 -223 -270 235 654 -691 -202 426 -834 585 777 303 -579 616 -269 97 753 685 905 523 106 572 -396 651 979 495 618 -258 878 272 -822 403 -600 33 525 16 664 124
-266 -59 -155 84 -272 190 162 -3 -250 991 264 136 -599 -388 982 555 -562 31 222 -189 -239 -916 804 842 -920 -763 -614 766 -286 -331 -553 934 -12 855 764 -668 587 -866 -68 -586 570 -441 -191 239 -48 377 -612 -979 -884 -349 -781 689 -397 354 920 700 811 -391 583 -358 -271 502 343 562 939 -765 -945 317 390 573 -688 -118 69 557 -457 -389 -691 -361 981 104 -230 -609 -651 622 881 635 563 338 281 -613 -99 -727 135 207 -775 38 425 -816 -718 16
440 744 487 -849 -985 -246 457 678 552 -55 -770 548 34 206 33 876 858 291 -480 -401 -218 -989 591 -597 353 788 860 521 582 -148 -737 -827 -255 976 -622 20 -87 697 517 -289 214 -457 637 -95 230 63 -11 514 153 883 731 212 -498 341 -972 -200 -72 385 943 701 -526 684 -743 862 -617 -647 -715 -558 526 810 7 625 -593 284 -379 -27 -136 140 259 -545 -792 344 870 -172 -440 54 676 -143 603 112 169 569 -324 -474 914 18 -18 -400 193 -979
618 -555 -232 -728 300 -371 -29 -87 724 678 401 23 -951 325 -829 -35 -509 624 34 -510 -212 -972 305 25 660 459 -251 812 -106 -425 -739 -86 -544 192 -296 982 662 -961 -542 448 -572 702 658 -407 -871 603 263 -455 868 -496 -312 16 82 185 596 -827 568 358 655 -643 998 379 -705 -275 604 -760 -625 189 593 392 586 -884 901 -228 307 -123 252 570 644 15 439 -250 -61 642 -184 -337 -680 -533 52 -230 521 -798 13 -281 906 344 105 285 -658 688
-61 850 -352 -135 21 653 14 -768 -279 774 771 562 210 -380 -943 411 -626 286 132 -55 494 -961 887 -95 546 -325 191 -629 -843 675 -994 828 -349 27 493 -272 -650 703 307 497 -167 471 886 -583 878 4 806 733 349 43 491 597 -889 414 -438 80 -434 -100 155 -301 293 -96 -712 -550 398 -813 -306 -791 336 803 -118 673 251 892 -747 245 -286 -536 -67 521 351 940 946 508 61 -831 -367 -179 -463 -992 986 908 -995 836 67 991 -718 -332 -954 -71
-916 757 -995 -866 -623 128 -946 436 0 -673 604 -198 108 -905 -797 -296 -342 -715 99 841 -748 -74 -530 196 427 973 -388 979 970 761 -500 -178 -523 -343 993 -60 417 531 393 -894 536 -858 -739 -110 684 -569 -128 -304 -986 865 -393 -697 495 -23 -89 635 -775 510 -929 772 -942 928 -641 578 -912 -117 888 316 728 -553 685 365 -405 709 824 959 -550 -827 -489 236 -885 935 -428 838 255 -887 512 -841 183 463 -389 175 -627 -985 116 188 487 603 -416 956
-93 -855 -670 -497 530 -819 -332 496 448 189 938 -860 808 -92 694 357 855 531 -531 647 410 640 -801 -837 -74 609 -744 -755 247 954 850 340 812 -454 -455 718 80 393 750 -309 -303 394 -667 -100 -948 771 -354 -930 -599 323 258 -254 -644 288 511 -891 -551 923 -19 601 -967 716 -102 135 -803 404 240 721 -557 463 -392 -833 -687 654 279 -279 -943 533 -156 -458 -657 -276 -499 -199 -604 -890 -63 928 -170 278 546 -325 -621 -173 -18 92 304 209 -406 516
838 -955 532 -803 -358 466 -708 106 523 -259 -228 884 -553 74 370 764 -485 369 492 -18 -927 -889 940 -998 -290 844 -471 -39 803 -98 987 -200 656 561 -388 165 -879 -816 -262 713 309 -368 658 -469 -248 454 338 -185 915 -302 131 227 -478 -624 -997 -713 697 405 -795 475 -669 517 684 438 -255 -918 -886 509 55 -657 -723 -135 226 528 -482 -981 -991 395 -881 -907 -453 580 345 434 -908 -315 412 248 -502 -477 302 -61 356 186 634 324 963 365 -996 -754
[RUN #9 500 10]
839 -934 -687 538 -206 496 549 573 -834 300 249 -609 -464 -434 675 -720 872 -60 -773 -846 -608 931 307 -927 -591 921 -272 968 -886 147 -655 -907 -501 -561 -627 211 284 440 740 845 -430 229 43 494 -88 -429 926 -404 -800 -394 -70 -731 -27 542 828 -408 -119 583 476 -179 884 -514 17 761 176 174 -493 -811 623 523 364 878 760 -193 -825 -127 -929 -621 -890 -199 180 -428 259 -333 -72 101 -466 -8 426 -421 -243 837 -649 458 30 -685 -589 -403 -718 692 -906 353 -962 875 771 240 170 516 215 375 800 -915 -944 447 841 -637 424 -372 938 -275 869 264 725 -547 951 -238 965 -990 743 -34 -506 883 363 -966 827 158 372 -380 -575 819 -568 -560 -822 -653 -781 -923 474 -87 717 824 -730 -711 309 332 -913 341 194 700 639 439 -613 34 546 -477 920 -914 735 -77 -807 -71 570 -978 739 267 519 -721 -775 354 -439 316 156 14 460 798 -879 730 617 972 941 -496 -600 803 -234 -279 610 -358 974 339 348 -353 -776 836 600 -940 -573 810 479 -903 -196 -938 269 -509 -345 84 -578 896 515 -217 750 486 -877 -639 578 -530 975 -303 162 -853 620 246 24 -700 710 119 -960 -48 -7 1 461 -13 -953 66 -676 -974 37 882 -760 218 -989 -339 -795 -132 840 306 -146 861 -296 -734 534 -894 -868 660 -677 -2 133 784 -885 767 -442 716 551 -754 -796 -964 673 880 748 773 928 71 -351 280 -533 -286 -445 647 -997 711 72 275 956 -831 -492 -674 -867 682 -313 335 -692 -393 728 -165 75 868 854 -642 481 442 -453 -18 -50 653 54 -507 -103 -999 -583 -872 -499 390 558 -889 -256 258 -678 556 -840 -986 444 -344 -969 59 151 602 188 291 -10 160 -293 -617 -137 -522 -297 708 313 -787 -295 -207 277 -912 -819 741 135 -958 -406 -340 -688 415 955 68 -883 -81 -364 -855 453 537 -69 137 586 445 401 780 992 -681 -452 528 -784 107 -54 674 288 -84 -167 -626 167 400 -261 849 -82 -355 511 106 -226 -540 -376 -790 -470 -235 38 906 -180 807 990 197 969 913 597 -451 997 468 785 909 -302 -262 -186 266 -267 463 311 -981 -456 -871 535 -779 -85 471 452 -782 -47 -695 712 -188 237 -623 -757 329 -148 330 -909 495 -631 793 -269 -169 667 90 -882 598 370 -486 -94 -347 -851 -373 907 753 -901 -497 326 -252 879 410 -821 970 746 552 -924 62 -237 -943 698 806 -400 860 -257 566 -371 205 373 658 -586 524 -321 -328 374 -976 -820 -299 -920 -24 23 438 -994 -221 -571 234 -361 -869 152 622
195 -732 -142 -385 796 -922 -168 -218 -553 -914 333 -960 982 -586 209 357 -2 -926 785 219 -860 663 101 63 237 -822 289 113 414 245 -266 -609 -785 -902 -339 -374 -400 -883 -828 242 -501 -744 -853 -220 -614 -281 -252 58 -995 -50 529 -248 -336 -94 -403 -23 554 328 -427 681 -836 967 -436 76 -616 -465 -345 -29 -369 703 429 -595 -797 -879 -574 -452 627 37 377 123 247 826 -254 -804 520 603 588 517 -9 715 -781 875 -865 830 -139 516 307 -476 651 -696 -999 184 -588 -141 -793 -451 -418 -600 313 -425 850 -522 -504 -480 -951 -327 857 -121 839 321 208 -373 -844 576 -564 -20 457 -173 201 223 -410 -692 305 810 470 -16 446 -268 917 -76 -379 20 266 -838 -570 776 -75 206 -800 -88 -256 -135 768 -329 370 -535 2 -992 595 -414 118 216 -911 -305 507 -422 -477 -521 -735 752 901 -404 -145 822 931 -146 -924 783 957 947 -961 -85 -89 320 -563 268 803 -646 -606 763 -604 500 -923 -309 634 -657 490 278 -642 9 155 790 801 -446 -746 120 -921 88 -660 -383 620 -509 -565 -260 381 -443 -355 -931 611 -991 382 -123 -439 235 -409 -770 997 -569 390 51 905 394 -102 348 -750 -702 -74 74 756 -605 644 -101 987 -841 177 933 -946 -308 372 -619 -97 -482 -200 433 -158 175 -99 797 -44 -900 473 -670 39 505 -912 7 -1000 -658 -245 415 140 816 285 141 -801 863 -817 -285 645 -894 -434 154 -814 608 -703 68 864 891 -301 468 626 416 -344 384 81 -958 -35 511 690 -567 -624 -24 678 574 612 -649 -559 -561 229 -763 276 -391 -973 138 298 798 -228 -629 708 -468 -478 -969 932 -171 277 -78 513 -370 -899 793 -224 675 -172 941 -399 14 -784 853 -848 35 -72 568 -876 232 -216 589 324 -613 260 -666 836 -474 -661 -857 771 493 720 -681 691 -195 512 -208 -534 842 -12 -837 843 -13 -644 808 -948 -874 -496 336 291 938 144 747 676 -492 409 -104 -202 405 -189 -103 879 441 196 -627 -684 809 -888 400 -394 293 584 -147 -322 -909 -711 136 502 -635 -589 -7 -40 373 -733 -719 173 -959 492 -725 978 -796 -375 604 -181 -576 -15 -407 -687 814 -887 955 -672 689 709 575 90 259 -491 -246 230 -555 -488 607 728 937 448 -299 72 -513 755 -766 378 777 -140 -585 -881 -726 98 579 553 874 727 -745 70 -974 258 329 -59 -352 849 -833 310 835 949 637 104 845 693 327 -467 641 -500 -115 467 758 -517 545 523 254 165 -643 251 -243 -1 872 -430 337 -454 -284 179 13 16 -506 -623 -831
-89 -246 314 946 -814 -313 -789 -446 -280 506 537 634 -117 -250 659 633 -51 -761 535 -921 271 624 219 -602 -870 -251 490 489 -182 -701 -304 -835 381 681 795 438 -694 -268 -12 343 -944 -194 54 -904 -412 185 856 -875 70 999 249 -307 528 -283 -918 704 767 -730 -134 310 983 -557 294 878 789 89 330 503 944 80 217 -924 97 -184 167 748 -750 -614 152 -958 257 612 -334 411 -931 -99 -110 -692 170 -17 -821 -212 -843 917 -515 -969 -707 -287 747 521 743 370 -445 956 -316 -297 128 -620 200 146 758 907 -285 96 -135 -626 -152 -752 113 625 329 812 88 540 -578 -317 246 320 49 -873 -748 580 -848 739 -375 222 175 -415 -137 893 118 -874 759 -776 -400 753 899 -984 -53 352 26 594 -681 619 436 -457 -970 274 176 107 374 -331 575 424 -323 -214 -581 587 180 -683 27 429 542 186 -434 597 -933 484 -762 148 -164 -205 889 579 251 735 -521 749 -21 -167 -172 -857 426 -575 -806 365 -20 9 -225 317 905 -573 -57 -503 -474 -80 469 813 98 201 765 -267 593 -731 -187 617 491 793 728 816 385 -538 -221 -123 -150 658 815 -842 582 -841 -606 -315 -901 360 92 -432 205 -161 -792 -854 454 441 253 -570 573 344 744 -560 493 589 858 479 -169 -67 590 690 -773 288 928 552 -657 -651 -204 -922 -100 -119 773 233 592 -939 -327 655 25 -550 -410 865 466 -785 -91 384 -760 591 -391 -721 -82 930 595 852 55 -31 -862 -488 -809 346 -615 -223 379 117 -419 -975 -996 -828 -603 702 757 -387 377 788 599 492 -496 -149 -505 220 -607 -264 781 425 -747 -527 635 -337 -296 -585 -202 -897 -35 77 850 -50 150 -763 863 -940 -852 339 -895 -930 122 444 160 -584 297 322 -571 -351 61 -689 13 -257 779 833 -191 -888 -715 335 -293 -877 534 806 -886 -75 351 562 -159 -580 -298 340 -448 311 677 -772 915 31 874 -902 -798 923 -894 830 275 849 -822 -314 841 443 139 169 -232 -711 -744 -426 312 -185 -482 456 531 556 -466 407 241 -556 611 499 -235 404 -999 903 244 627 66 -318 908 224 645 -528 -936 -974 321 -240 254 780 -491 174 -759 102 -127 -70 909 919 -917 -695 -115 699 239 -829 463 409 520 -216 -716 -899 -511 857 790 846 -125 723 -965 920 -319 -48 -617 -572 554 692 741 -326 496 -677 -949 884 390 -9 618 -245 606 819 112 870 -601 -569 775 -265 -749 -972 900 -305 822 -118 -559 986 -962 588 153 660 238 -754 -504 932 515 948 -948 -908 -893 -745 375 -243 768 -722
-258 -430 460 283 729 -103 869 -255 -739 -407 -208 972 -391 371 974 -326 639 103 -955 664 16 -327 486 309 153 -18 159 -830 899 -183 -657 259 -219 324 546 532 -94 -561 518 445 357 -197 42 -116 -135 -578 331 249 -941 673 390 917 716 23 891 647 -461 -706 529 -816 -794 -795 721 774 617 851 -313 204 965 -45 -579 -216 -155 985 -801 -453 412 -604 -69 151 -700 -60 335 519 -949 -254 504 601 909 -214 -136 431 644 701 576 240 903 -164 720 111 846 -551 272 -412 251 -227 2 874 986 -533 868 37 595 838 463 11 920 -514 793 -675 -498 211 -860 -983 327 938 -550 -141 803 -457 -821 -997 -720 -614 586 -346 100 -112 -90 -554 -759 258 -273 -83 -894 -807 -565 -607 888 -206 -85 -450 389 -419 273 117 -359 -146 93 356 214 -394 -848 -869 -651 425 282 -54 -840 505 -73 -72 99 28 -442 773 219 942 -1 -630 -798 562 358 242 -761 -677 -970 638 541 700 685 71 35 -1000 488 805 -332 500 575 -647 19 663 -246 802 -779 443 -156 182 948 -79 10 27 -64 -243 -515 -84 256 -290 353 -443 -2 -134 -685 606 32 -789 -935 369 375 812 -170 512 -20 979 -263 289 564 -353 887 653 -195 450 955 826 -11 -384 455 -687 179 655 221 168 880 170 83 962 -406 88 956 -217 -278 -945 -378 -692 -511 -696 702 -17 118 189 -248 809 185 -873 -683 -588 746 -373 477 -66 491 306 75 502 837 -618 -56 949 -35 -351 348 -494 434 -799 -958 -193 -954 183 927 483 -527 341 110 -628 -153 239 -817 -252 840 -451 -649 470 -600 -27 -209 -432 320 -699 561 30 -22 811 510 -342 -978 55 -641 740 226 -658 493 -354 -120 60 -721 480 140 -100 -984 318 -606 -355 -903 -234 -742 -33 756 766 288 -929 96 299 197 853 -502 136 -117 989 -96 92 896 -915 430 66 238 -311 667 101 -571 61 -65 -633 -376 20 -793 866 123 -482 340 -855 -150 -338 220 703 -416 -19 489 -305 748 329 819 592 -964 -402 516 451 -752 -48 507 981 429 -319 -773 -576 361 536 771 724 587 624 944 -122 -744 -125 852 524 -959 -322 613 548 452 -80 941 -222 -826 671 135 727 902 798 -431 474 328 -615 713 -810 -940 -286 -594 829 878 366 -732 894 363 -584 -994 -213 -473 -856 821 435 717 -756 -223 -413 145 296 -767 113 -358 708 124 733 265 120 -640 244 -663 150 640 -690 -396 -668 -58 553 -487 967 781 556 958 -583 -499 -530 368 462 -347 977 -4 -938 78 496 652 -266 -131 732 -377 531 -5 -931
560 726 -607 -789 422 -13 -106 594 181 788 -384 966 319 -880 -781 765 688 -900 -583 635 -704 47 121 -766 -79 -660 678 -320 350 79 -491 695 848 -951 873 -125 389 539 -963 -508 -379 820 -111 -618 -477 232 -282 505 234 646 77 -560 37 1 -941 445 426 -452 -340 -194 -292 -174 -35 -711 -875 972 -790 -371 -49 -644 -140 -904 -948 -342 75 -378 647 -255 -664 328 -931 151 -21 -43 574 490 -864 -88 718 -5 397 -375 266 651 -749 315 667 419 955 -359 280 153 338 -239 -132 -695 179 -330 793 -658 165 839 -331 -226 -522 -278 -761 112 -867 -427 272 868 -91 589 -997 -388 856 -873 127 -136 48 -510 -240 663 -133 580 224 944 652 781 -439 -343 67 -887 -673 -241 136 -305 -166 85 169 -998 -499 -418 70 39 -235 -654 643 -33 -874 900 -462 257 212 -917 912 -544 -302 896 878 374 -322 986 837 275 940 544 14 769 -957 -238 -841 -393 30 -683 -445 -504 595 -424 -223 -422 382 302 -144 -72 -639 231 616 -193 492 24 -689 671 59 -506 -672 141 294 456 -501 -160 247 407 434 -287 950 903 -771 -797 -319 -164 -147 -896 -444 507 -703 -557 256 607 -662 394 -295 161 696 433 -325 -440 -877 -884 -768 -588 -387 -99 909 -433 150 -891 763 -120 -920 -838 -414 -23 60 -643 15 421 744 -260 251 -464 289 -784 366 -369 -554 -434 -394 541 352 367 -146 -62 543 -324 -26 142 -233 255 -561 -702 -47 796 -163 91 933 -755 -411 -882 -9 812 -751 639 699 923 -179 -397 948 -626 21 364 -360 -548 935 851 -451 -692 340 831 592 210 -300 522 929 -758 460 -614 238 -165 927 -25 125 -183 -950 135 427 674 249 286 582 -757 -303 472 661 -280 -708 -638 306 -800 -312 398 -705 -293 -520 500 -103 -15 -178 -605 -816 454 303 -968 575 -866 246 -574 27 230 805 -912 -244 701 660 -782 809 332 -247 -485 -911 104 -519 943 293 74 -724 -661 -603 100 958 -471 -640 -180 -374 88 650 -593 615 984 876 889 -327 624 -299 -592 754 254 -490 911 938 -641 -333 719 201 747 -631 -595 205 -190 712 -263 252 264 962 -380 487 808 692 -40 922 -52 -594 404 -400 478 -810 -242 619 309 -925 -332 -611 -669 -598 240 -56 -527 -606 977 -479 -954 -399 -344 458 499 55 -426 -825 742 973 133 -696 -82 -932 267 185 494 706 40 163 847 -90 830 -402 -535 916 217 481 -832 -218 -219 -565 -92 899 -824 365 -649 -24 -949 915 131 957 -726 832 759 353 119 602 -197 368 -808 -742 8 -446 113 656 -284 200 -124
993 -44 -187 103 186 -268 768 641 652 -762 -251 589 78 -386 -901 -296 -184 -31 329 264 -160 -151 363 938 403 -629 -954 -942 -208 670 243 137 -707 196 926 -4 62 501 0 -638 539 289 -778 315 701 894 -103 575 497 -69 639 802 -917 467 859 -124 727 -65 904 -716 -218 306 -680 308 617 247 775 -995 -997 190 340 -88 326 240 -759 493 -106 932 -488 463 344 -560 159 128 735 -290 -601 133 229 852 -304 -293 87 -643 -239 -135 984 40 -157 -91 -780 170 828 607 -849 709 949 -401 -265 -842 284 -70 -959 -848 -914 19 -932 -424 359 903 489 965 865 614 -631 -828 -516 481 796 -482 407 376 370 102 -133 -796 990 -477 -837 37 409 -921 -747 755 429 -142 -333 -224 804 165 -417 901 -237 777 925 -271 312 511 -847 672 -311 823 760 956 -909 305 831 531 435 628 262 -566 686 33 655 -480 -575 148 783 -207 135 -884 869 222 -730 546 -777 -43 895 694 921 661 313 -18 287 1 552 446 623 424 -450 -96 14 -129 -543 -116 -966 420 331 -100 779 -328 -40 294 -624 -659 -964 525 28 -714 -461 -439 997 836 680 693 837 396 -625 180 261 324 743 -748 846 -509 -951 -196 476 234 -735 -357 -402 662 -539 -181 116 -670 -229 590 -611 -228 738 739 -141 979 -434 21 113 -823 -886 408 822 184 664 -111 970 -636 855 41 721 -764 -370 -567 523 986 -114 -105 -775 -381 107 -604 -283 882 -637 -250 -610 120 494 665 -741 -618 -819 774 -962 -709 -998 522 624 112 593 -119 -941 -201 -258 541 690 83 660 955 163 -140 -356 -388 -744 330 -588 676 212 -579 144 -10 896 946 -749 -165 609 477 -890 -335 414 663 749 430 629 -162 119 -940 -429 72 167 899 -639 368 718 880 448 557 -684 292 -330 -48 -779 -68 -30 179 -983 -605 -16 753 908 205 919 781 -246 -620 -29 -794 -66 174 191 47 -910 527 763 616 -397 610 -758 -519 332 -580 -232 -320 870 432 944 987 -786 -84 130 -67 517 710 356 683 98 -256 -916 -666 -56 -507 379 386 -753 -938 20 -523 248 -399 514 -26 203 -947 18 -435 992 -830 -984 -365 674 712 878 -590 -152 140 -957 -110 -115 -928 208 813 123 893 620 703 101 716 139 -535 -520 -272 -59 762 -570 -392 -455 -23 548 -329 -869 -153 -654 445 -76 -174 636 -423 536 199 -61 -298 486 -795 -473 -7 -658 -354 795 -64 673 475 460 659 -389 -216 188 985 -93 843 395 668 401 -332 -484 -15 -113 -802 -557 981 -270 -47 -565 849 -824 -247 3 915 447 161
19 397 322 -291 334 -340 336 902 1 -80 180 261 849 875 -352 738 903 52 -496 990 -105 -702 -90 931 -285 -40 -589 797 555 -825 -455 -423 -559 612 -343 -61 471 -870 912 64 -631 -453 281 -360 119 -610 -737 -42 588 -248 781 310 -510 863 0 -328 541 -901 -892 684 913 -272 697 -897 -840 -996 -675 -331 -428 -696 -245 -318 54 -677 773 -206 -509 385 213 806 833 216 291 941 380 354 360 -973 -306 999 -483 -431 91 -25 -643 178 -277 156 29 -844 668 965 463 202 -226 154 -350 35 -356 158 -65 -632 -726 -722 -944 -963 -856 625 -650 -662 131 199 673 150 46 23 367 451 680 -334 -849 470 550 772 -776 -230 167 -907 -513 683 -196 272 -244 217 -403 355 536 -479 452 -788 814 551 -118 -652 -211 -93 -803 545 123 -97 -320 188 -552 157 -78 -493 -191 775 -19 529 98 -299 -199 571 890 841 113 112 -653 741 -528 -880 431 -821 607 -203 830 740 -382 -261 -866 -242 596 328 957 -501 516 709 39 -367 583 -127 230 -163 -220 -678 -26 483 -404 949 -239 -264 -515 -600 761 655 -257 389 602 296 -137 169 735 792 -746 646 997 -234 466 609 662 699 700 -317 263 864 599 -54 -472 534 -293 -695 963 -43 727 623 782 -283 228 -378 987 879 580 980 376 -668 -24 -863 419 373 -471 -362 -374 -66 -143 233 -165 44 -29 -327 742 984 -297 406 -427 504 20 -699 832 247 2 494 -926 -764 -188 -162 -99 -179 -491 307 323 -200 492 -960 -27 108 92 809 501 638 302 -674 -812 115 -837 -308 532 -305 -144 -577 -838 -708 -255 -627 -933 -238 -791 490 520 799 -448 909 102 733 -389 -729 -372 377 -861 -913 -874 789 696 36 -232 87 251 -939 629 565 -11 -7 338 -941 -704 330 -324 -818 32 -508 -771 145 581 791 -153 174 306 268 -338 414 4 572 515 587 -533 -48 883 435 -972 -256 -774 -214 -859 155 854 658 -422 -778 -217 259 -646 -517 861 459 -834 -296 -587 6 409 -830 813 398 -375 995 888 298 242 -946 -908 910 -596 325 -971 137 -681 -910 -103 79 469 -182 -8 -345 314 107 235 477 -415 -570 -780 907 84 -827 -49 -692 780 -33 616 -606 -252 -398 359 817 175 99 60 -371 -301 915 -688 -875 445 -38 -997 -772 327 992 141 -760 442 -927 -977 -506 262 -424 505 848 444 724 617 -931 495 -658 639 -648 853 168 -169 -553 83 -604 -717 -470 935 -112 -21 -829 -745 664 -75 -359 -32 589 -292 486 -498 938 -56 -832 80 -707 -249 491 186 -808 -814 366 948 -115 -353 -900
786 754 527 81 665 980 159 -171 305 -89 266 30 -673 -972 -841 438 524 130 -371 340 631 -59 715 838 537 135 -198 104 977 278 908 -680 763 -946 -562 -501 -645 -130 -414 543 -971 209 -399 552 -154 -785 -570 998 -634 546 -942 694 662 -164 -711 -679 -506 41 630 -695 -278 855 371 733 -899 349 607 561 479 -390 -308 58 -944 -64 -65 105 199 997 19 -625 -235 -658 982 -973 334 331 -241 423 -970 581 -15 727 -289 418 -8 -784 848 -743 439 541 481 18 -412 809 -694 -443 782 80 -739 405 77 315 244 -876 399 -928 -357 -895 177 -793 -485 -127 -178 416 310 375 -201 -559 755 -990 -145 -467 14 86 393 518 -825 -630 -379 -346 362 933 134 -287 -957 638 -203 -271 -33 580 987 974 687 497 -675 675 -642 864 390 779 -561 -838 272 374 577 810 -290 249 680 -204 -81 499 -223 945 625 503 -660 -356 174 32 376 415 352 -906 -329 -920 -769 -478 -683 -649 110 -783 504 517 -437 695 94 373 56 548 -193 579 743 -386 -215 236 208 -137 805 -992 188 -266 657 273 -144 301 -184 383 601 361 144 -87 398 -929 849 53 402 960 -821 806 382 -475 148 -672 -338 -653 598 417 889 -591 44 -919 474 -497 -726 940 -502 -979 154 650 457 -389 -84 866 -575 -365 84 -513 584 232 -606 719 -619 201 321 692 180 82 -2 -633 -627 59 -833 905 -126 389 346 -149 -259 -967 729 -789 -330 51 -236 425 -124 -30 640 760 918 385 513 370 316 464 -801 247 780 -69 -179 5 -292 -75 -509 919 -435 -37 -862 804 98 972 747 -114 819 886 262 -408 211 345 863 -588 -621 526 -545 -884 312 85 -286 -849 -50 475 24 649 -180 862 550 -248 955 -370 -802 -275 -708 -671 -636 -987 -896 585 -993 -758 -454 426 424 -70 -976 -319 347 -834 976 -486 686 -328 -282 -958 -107 -350 -115 705 643 937 658 -820 553 860 682 648 -829 936 973 -810 -148 253 342 -293 635 910 271 885 -272 -342 114 379 493 -684 -431 659 111 -19 48 141 -448 -795 -762 704 511 -887 -791 707 165 168 652 220 -455 953 279 -314 -819 570 663 52 12 -798 -910 22 386 -853 -378 -572 608 -393 728 -7 -538 -866 -310 -285 20 -776 969 432 -90 620 235 -936 403 420 -710 895 -508 -150 170 -846 428 -560 483 456 -20 400 -194 -100 179 965 -865 -563 480 -27 498 621 -597 219 800 825 213 -590 95 781 237 -612 -344 -962 604 637 88 -757 121 90 -888 921 -101 -746 143 -531 787 -517 256 -788 859 -258 -323 732
-906 663 577 615 196 217 -434 446 23 -699 309 680 -581 -617 968 -658 820 186 -557 921 -95 -759 666 -646 290 984 652 -411 917 -166 542 507 -290 295 334 747 871 -40 555 297 870 661 974 -850 -801 -977 -55 879 499 -957 559 230 -498 139 571 369 432 -452 -449 936 -70 194 -687 754 -802 -742 -996 -258 475 736 734 358 800 -776 825 -494 -484 -539 178 510 129 -109 558 636 821 -544 -149 699 43 -58 864 237 69 721 -54 -765 -573 -589 -98 712 -782 -61 -94 587 -637 -8 -533 164 -673 -951 96 -606 174 359 856 774 671 -796 -605 -591 763 -325 -932 -708 -390 -663 654 -526 108 -119 -131 10 268 110 366 621 -39 -374 -779 -986 694 799 724 -388 -940 -962 480 -99 717 -578 841 -874 401 683 -41 995 536 -1000 -181 -608 -218 919 327 468 543 116 -174 -978 -349 -90 -4 -207 -364 -712 6 153 -891 -339 564 -543 441 -760 630 -818 -824 765 24 -660 -693 22 852 515 -462 203 -319 924 -356 341 769 78 -296 12 39 -845 958 -627 798 496 651 -429 -324 362 959 -229 756 -97 -284 506 -407 -232 -633 329 -501 931 -777 785 505 395 848 -133 -480 -924 -167 -958 997 991 -681 971 -255 158 -510 -386 -575 -312 30 -209 396 538 -292 -30 786 473 -677 121 -840 -864 42 -915 -254 270 761 -896 927 -180 -261 -77 -603 -764 -629 -805 751 -355 -859 -396 431 -141 -984 304 -515 -537 26 443 99 -538 930 106 -81 889 679 476 -257 -138 37 -236 -124 266 598 444 896 -283 -521 -12 -337 -654 128 60 -949 -493 422 -628 289 797 114 -611 243 -262 -784 127 -326 118 35 192 162 518 161 231 855 357 -329 168 148 987 -607 -139 662 319 462 -474 -17 -482 -380 755 722 -731 -192 -241 -584 667 478 726 -23 540 -401 -680 -555 134 842 236 976 19 155 490 -807 -810 728 -692 762 145 -152 -397 690 513 -870 36 482 -353 -877 277 142 -876 344 -478 -310 149 637 -931 911 727 -334 -822 -303 -64 874 245 749 660 -579 -832 385 -778 408 -750 308 -321 -269 503 692 -683 13 384 783 294 -774 73 -428 910 -594 -112 -115 -768 45 323 705 -516 -416 -371 526 952 -317 179 -479 -143 -626 -798 20 961 156 985 948 643 599 -204 -745 548 -732 -560 893 753 -620 843 88 -385 -695 498 867 767 -60 -155 877 131 -376 -128 386 -684 -904 682 -191 299 -378 -788 416 -22 -134 -72 175 -273 -467 -534 -177 -713 169 978 -316 -65 929 326 317 -980 -973 601 -7 -970 -468 -300 557 333 860 -277 -753 882
419 -506 -588 382 203 -358 -351 428 -952 1 222 120 -782 -140 -566 -91 899 249 651 -108 -537 -246 204 -505 266 118 626 -843 -514 513 726 320 -825 -89 -948 478 341 -323 -229 435 -675 -712 -622 860 -608 -171 -328 843 712 -932 -570 519 740 -626 884 197 966 -481 -874 -466 -538 69 -317 798 -284 -236 855 826 252 -501 -243 744 -195 -785 870 -47 342 792 -590 -631 -561 -673 -462 619 -57 896 -951 247 -606 -652 417 -853 -476 893 988 352 -399 872 -726 -48 950 -674 385 -161 -946 466 -917 -708 -542 637 336 172 -698 541 -423 207 38 114 -70 175 750 -655 -226 -623 8 -460 989 -480 831 -739 652 882 279 617 -885 -352 -556 878 736 -630 -263 -733 -133 -162 -900 63 -313 667 -213 643 895 684 36 -187 926 -381 439 65 -926 -778 -288 544 441 416 -93 -676 420 534 357 83 -250 -343 -985 200 -13 -801 164 -20 -136 -832 170 -852 -61 888 -669 -448 -981 106 -277 -677 192 7 654 494 757 580 -208 -903 310 848 -753 917 -619 -927 -982 807 91 731 -1 765 745 -678 346 85 -528 939 593 -869 -331 496 -172 142 -849 -335 456 100 754 312 206 -398 321 734 -875 -293 -894 278 709 -197 724 -242 751 52 -795 132 599 973 548 378 -67 -309 -497 879 778 -612 883 996 -239 -227 280 -251 245 -693 742 -393 427 110 768 525 -772 187 728 597 806 -775 555 835 547 467 -954 -928 930 34 952 -618 504 -504 -632 799 -123 112 -902 -175 490 -810 968 269 -646 39 -912 925 -691 -773 690 492 -862 366 119 303 574 379 -971 696 762 701 698 412 -114 903 -611 223 211 864 -858 457 82 -645 565 253 -209 833 -812 -1000 -190 -151 -794 832 663 -279 559 828 479 721 497 920 759 -968 122 -876 -496 -863 -348 -779 349 -118 -742 947 -362 -634 -564 -3 -411 -19 351 -184 644 -359 502 238 676 99 -164 -223 739 -38 678 774 -143 -221 -527 -5 -314 576 137 149 134 51 -176 188 -523 -88 78 76 563 364 22 -988 89 -360 -377 -891 -230 -737 540 -888 248 140 -96 -311 -58 77 49 -6 -23 309 -821 334 358 -808 453 -940 -150 459 -12 291 -783 908 611 72 150 658 -442 -234 -679 176 -31 -920 -987 -907 -308 105 -60 971 869 54 71 -415 911 58 -660 -280 -834 -598 242 -413 219 314 -936 -340 910 -650 488 -780 237 73 199 -71 991 531 289 -344 -661 -714 -183 770 474 286 -452 635 588 615 124 -880 -707 -232 -253 -942 -709 863 687 183 -307 226 18 332 802 75 -896 874 -516 26
[RUN #10 6 50]
620 -687 -288 757 -398 511
801 80 -837 -379 -471 747
-783 -759 -764 118 255 -736
27 -724 929 628 876 -87
-244 -448 -329 201 -513 -443
160 284 669 -996 730 897
-928 964 -94 178 -878 609
259 -932 2 243 825 175
-531 -579 -514 487 -586 889
885 953 512 -153 186 645
311 -212 -507 661 908 367
159 823 -929 -471 -895 -351
415 178 268 -206 89 -467
-859 283 -857 606 337 476
30 620 -786 -14 -130 104
382 -799 210 -348 -870 -33
-164 -246 -730 -677 -429 111
818 113 473 769 -338 -449
-489 -104 -347 -605 -263 409
435 -816 -864 778 292 -196
-540 -422 588 564 926 -756
656 -147 -58 -289 780 247
-567 -425 -204 247 525 509
761 -310 598 -880 45 -453
-407 172 420 59 934 880
336 845 838 -138 893 676
-771 -709 -119 -621 667 403
-54 746 15 -5 856 -584
623 -280 419 -85 -178 647
281 -598 399 247 -978 -363
467 -580 397 423 -542 -632
421 -173 518 591 -971 571
168 -326 175 -287 765 413
39 836 386 -735 225 -911
899 768 636 -950 571 796
399 819 -219 -481 -285 363
311 -98 787 -154 -595 -578
1 -75 -619 -865 212 30
-887 779 -280 -359 992 -629
406 -34 941 -217 249 -324
623 785 469 14 -594 -895
-451 525 -531 -625 -49 150
-109 -474 -402 607 -661 5
-747 813 -583 123 -732 351
-277 773 28 181 -196 -283
-442 466 -97 761 -128 -791
-971 742 -150 -642 119 -14
-529 986 -224 -788 784 -311
-103 -878 865 467 450 100
433 883 -16 391 -945 445
[RUN #11 6 50]
773 177 -437 7 -879 362
899 111 888 -828 782 -34
-340 -601 442 -577 -234 -623
-796 842 577 418 -427 -148
-174 -306 598 -210 -493 975
977 899 -779 580 164 -75
-456 677 838 -213 420 -102
103 483 -62 -332 578 -245
-587 668 238 41 430 750
951 -456 -886 -960 -112 528
-968 -362 322 416 696 479
-178 -391 -38 -84 70 756
627 -607 -418 -954 -674 248
-440 -659 135 -487 784 63
635 -428 58 -458 977 258
90 -346 468 99 196 -487
-430 499 -108 -49 540 399
938 118 848 144 982 -628
-364 -199 -357 66 614 -655
-975 755 726 375 441 -280
-582 -335 579 222 927 94
-64 101 187 -890 -296 -381
836 -394 -524 -575 916 737
985 476 -162 -660 -953 237
-740 565 -650 -474 666 472
900 184 -377 -771 466 75
-818 265 26 -20 94 124
-923 -852 -687 -260 -674 919
27 672 476 765 816 -344
680 -942 -391 -261 505 628
-910 -465 117 -285 112 -819
899 543 -463 -425 829 347
743 340 558 -218 525 -874
851 -112 -541 947 383 -657
-457 325 -478 19 -610 142
612 -696 -986 -346 752 257
-823 -46 -996 465 321 -949
-385 -74 122 724 5 786
696 911 -937 -518 987 -362
246 -737 451 193 -368 349
614 172 -922 627 803 939
809 -586 -267 403 -18 -37
11 -60 36 -664 936 -823
158 973 469 -414 755 -655
485 970 -816 -958 -283 -122
-430 841 -988 703 -61 -620
477 308 -934 -967 -937 125
-682 -263 162 -56 -618 -246
-275 -798 217 -896 -98 -535
-222 729 -389 365 414 445
[RUN #12 5 50]
-92 3 -737 978 -664
7 522 -403 -109 702
733 523 976 822 -718
-867 -295 -161 482 -203
158 898 -522 -463 -535
778 85 66 677 -600
-279 -811 -739 817 173
211 -302 554 453 294
322 -832 8 28 -841
466 -326 -796 6 845
-580 687 9 210 937
-356 780 -703 839 571
370 938 -182 702 292
592 -39 887 964 325
-721 -178 -31 -271 -651
682 138 -823 906 -64
636 -186 -569 -135 449
710 -949 939 -418 345
906 -576 -326 -173 -383
-337 -166 -927 -376 138
-827 876 757 -662 -995
733 954 538 -255 -939
446 857 478 733 781
-354 219 -4 -163 826
89 150 320 -855 -826
90 612 783 319 662
-984 575 414 -560 -525
925 -966 95 -874 -771
-404 -846 -684 119 -875
947 -85 201 460 750
-984 -637 302 27 423
88 -972 327 -943 -592
-734 99 -691 -482 86
743 -381 -862 -819 -209
-119 -600 661 923 -687
33 211 -112 -240 107
697 -608 871 596 -26
113 -338 18 890 -641
-36 706 862 -853 155
506 -860 424 -919 967
-523 -701 -84 943 43
389 -54 -395 184 347
636 661 346 256 712
593 -347 412 -96 737
-634 -58 -487 -722 -825
-249 477 -697 856 243
711 -585 31 290 475
309 815 831 -89 266
669 110 -380 -26 -643
-13 701 -66 -966 269
[RUN #13 4 50]
398 -381 402 349
-60 -275 -234 741
-57 -600 522 -654
-582 894 282 -15
253 249 755 -134
304 -929 -12 603
-458 -987 642 -985
-526 -73 940 -874
-944 301 -443 133
-547 455 -499 -325
33 266 -366 -428
793 -962 137 685
376 38 -82 547
-548 117 -778 -93
382 -261 -518 403
-344 172 -858 -579
-777 -144 605 590
939 819 387 658
243 -154 221 -619
845 -60 515 404
-37 803 -852 789
668 -186 38 969
672 -855 309 -182
32 124 -717 883
-965 -986 228 -52
-605 -807 216 93
-143 270 -33 731
843 -829 -169 -761
970 -587 771 791
667 535 -628 296
-422 -508 -830 -919
-509 142 -300 214
-48 582 270 358
-659 -492 -34 554
292 -261 -523 610
-825 -202 229 835
-988 567 110 844
569 -911 989 590
73 300 -509 -511
19 -40 -19 815
-437 93 558 999
-899 542 855 -927
-573 -643 -323 -220
-377 -744 895 -899
-240 51 472 -220
-135 159 -494 -832
-164 736 -648 -760
-331 73 -577 -972
-789 602 -583 -922
-575 -681 282 -197
[RUN #14 3 50]
352 -762 -137
-449 -889 399
288 346 -645
-959 -783 508
343 -539 728
-286 -763 13
-318 45 696
-646 834 -131
-263 -180 -41
-559 -127 -683
-146 -872 636
-170 725 397
-246 246 743
233 -246 -795
-647 896 -611
-568 -280 -288
-113 50 -305
-961 351 809
-822 -76 -422
-689 -430 963
211 -259 431
624 908 797
490 -303 551
-715 -867 758
-898 746 808
789 -975 155
-685 696 854
486 -474 49
-128 923 274
971 124 972
-457 291 339
-926 -802 767
-669 -474 -855
-260 221 -34
560 32 -158
816 638 704
910 -959 136
112 327 345
-267 783 -335
285 125 -509
-343 -864 -6
955 -502 293
795 731 271
759 -658 -806
284 -827 -964
-606 -62 -645
719 -531 296
-998 466 -94
-702 700 207
-389 696 -324
[RUN #15 2 50]
361 -764
764 516
853 -343
609 642
717 -774
815 -390
-322 -656
-681 -630
375 -564
-136 293
-236 -452
-51 -9
-346 586
-888 696
-522 -680
685 519
-496 279
-698 -945
231 437
-237 -6
572 -35
712 61
-196 867
-537 -51
777 -529
578 -154
-277 -107
-820 48
225 -42
-965 720
-951 -178
-489 215
-747 272
8 -513
-445 -66
-54 -816
-510 146
-559 -267
741 -670
292 670
-660 586
698 755
904 438
-735 901
-917 -297
672 317
-690 -738
-428 -477
-240 143
-12 -671
[RUN #16 1 50]
795
575
801
56
407
754
921
187
945
-778
72
144
65
-115
635
-807
-825
554
-258
-760
-892
-636
287
-579
758
-387
-424
348
939
709
-83
66
942
-778
-748
194
-874
-753
242
756
463
-756
124
-166
-161
813
672
852
318
264
[RUN #17 0 50]


















































[RUN #18 100 50]
-479 349 -594 576 -748 -960 916 479 537 -814 -187 772 -440 -288 -955 434 -592 -664 475 695 -180 891 322 -257 -199 857 -924 176 491 -132 -986 -140 -805 -834 -892 321 812 -578 -290 740 -857 -816 -785 731 843 -608 -31 -223 -454 509 -424 773 713 -158 408 -120 174 -611 946 169 65 -365 -905 840 578 541 -271 -355 15 -6 -742 -423 -604 -86 74 191 588 802 933 700 123 -190 122 -145 931 855 831 465 568 427 546 565 -272 -581 -542 -443 894 667 911 564
70 -968 155 -640 937 833 478 -934 237 30 942 -200 -60 365 -375 404 58 544 -579 -21 -86 682 -637 -709 358 251 108 694 783 -911 -734 132 522 599 976 250 213 -904 929 643 217 -283 -250 -123 776 -180 699 582 -89 724 751 -648 560 576 -829 328 768 -294 335 11 -973 -706 -121 452 634 -840 -590 677 589 330 -309 889 -460 -862 786 -269 -441 -766 -43 -853 -372 -860 240 394 61 -974 -333 -100 -976 -5 -112 -418 -692 147 -676 893 232 975 489 116
-691 847 -310 -137 -63 -959 835 345 330 141 660 931 -504 -313 166 407 838 594 53 58 -640 475 -657 333 -584 781 862 -951 -698 424 904 104 54 -296 317 331 628 -900 -664 -483 -833 201 -429 -547 -285 -579 -128 326 787 960 509 -29 39 -637 -297 929 98 978 -765 -913 -790 325 -260 805 801 -537 51 401 -413 832 -446 193 -694 732 986 -70 585 -966 606 153 220 -878 970 176 52 390 213 622 169 105 -773 24 85 296 -64 885 355 583 -59 -76
203 501 726 228 411 -900 -519 248 -477 -751 832 424 -652 923 192 -82 97 487 683 -90 37 979 -609 -668 -795 285 -929 -51 -642 -372 535 933 -19 -114 563 -138 -221 -494 749 168 -629 -198 -414 574 -784 -657 690 -614 -442 -424 798 484 74 -124 -567 -777 943 -529 479 665 -9 -871 -829 631 -353 852 -230 -312 -970 -451 862 18 -45 761 290 -303 669 -749 -491 -553 820 -375 730 751 -670 742 673 -715 131 998 -981 -392 -436 -1 668 802 -972 -944 -359 -641
-245 972 391 959 357 -946 72 34 -164 -451 868 244 -246 515 -47 -899 -5 -989 229 -464 433 -883 -303 390 -907 255 226 -957 287 -298 -437 650 -992 428 426 55 17 -816 519 -307 -344 -565 -239 587 -81 -32 50 673 95 322 624 783 -163 657 -419 -128 481 -270 735 -322 618 864 -290 234 -967 -180 961 610 333 -230 865 -249 -63 -876 950 884 -654 -586 304 251 241 -884 984 -507 303 145 -78 -477 398 -278 -619 -735 -391 253 966 233 -310 702 170 -374
465 2 -386 547 279 -621 -287 -550 391 -181 -61 481 -800 -852 554 518 402 -881 957 -578 356 527 161 -264 501 592 720 -458 0 -290 894 -222 931 -92 68 116 149 436 -835 -979 381 -971 -929 558 -489 -25 -445 462 571 735 207 551 -353 -898 843 -470 -609 -745 -541 -127 -546 -890 -906 745 565 398 -191 -12 538 645 463 265 -75 -136 228 -882 -917 718 -547 849 983 886 725 -999 -402 -826 -821 911 362 -204 -216 407 704 -165 -453 878 -869 -202 472 32
286 -925 131 222 -539 907 440 -883 134 470 898 420 -171 674 -216 -971 -913 -621 -725 -617 -672 -967 -902 29 -479 807 -309 -417 -559 601 -909 127 744 23 -189 -325 768 933 -800 -20 -578 -63 56 -25 708 -50 -147 981 834 234 732 938 -524 911 -580 -485 488 -632 83 -885 -431 -948 75 -269 543 605 -316 515 30 749 -890 -297 -709 -421 631 228 41 780 436 921 -94 -740 -436 428 701 -9 -394 -332 -930 930 -236 -679 103 760 -227 434 693 -581 640 -702
400 -214 780 -172 -780 -189 445 91 -541 980 819 291 -19 960 -192 -518 -485 -936 628 150 226 -419 -945 -430 416 -107 817 27 -849 -178 931 -123 -714 29 -959 297 -38 -743 353 -212 -856 834 194 413 560 848 -679 -503 218 -997 -651 -45 -253 -427 -231 842 822 956 -250 927 -600 759 -387 -720 -337 993 455 -490 -241 354 951 88 267 -84 -607 -801 776 -384 -393 -431 246 285 884 846 293 -285 510 380 228 -255 799 681 866 680 -356 529 624 507 59 245
470 813 824 654 -788 -949 477 -590 951 -38 -340 -861 -896 264 327 794 -391 651 805 -935 559 -141 544 988 -583 -797 -411 146 767 -96 -634 -810 -346 941 822 365 241 -923 630 44 -466 341 122 -886 -773 -18 -329 -603 -924 591 -540 -375 -775 353 371 815 863 742 500 -694 818 21 -693 -315 -521 573 -881 80 -917 -462 -483 564 740 702 637 762 -677 -951 -588 901 663 -271 200 582 -185 454 240 -450 -444 -637 526 503 -822 -146 124 753 -643 -526 -75 291
-606 865 -680 54 -75 -490 820 -475 -752 44 -433 -831 569 -350 543 -363 470 292 17 500 801 -238 -961 -197 -417 -691 813 -661 -855 718 257 564 -451 -231 -872 260 816 -956 821 735 967 -68 -393 806 436 977 487 -450 -704 -358 -148 -258 705 416 951 -285 -840 256 150 -485 574 -624 -13 -541 -863 621 -227 562 -854 377 -479 538 921 520 -367 555 62 -347 936 238 -382 398 155 329 -278 15 235 876 707 -140 763 -14 611 -224 -118 -372 764 -545 -920 787
-523 829 -65 971 -150 535 -130 -170 994 128 131 -657 238 -963 -541 -944 19 -469 201 486 -678 854 -597 -443 599 465 162 -983 -136 -778 741 416 424 770 795 -391 954 -836 -100 -326 646 -293 378 252 -69 499 517 308 616 -864 -554 -14 -617 -49 84 420 -206 584 434 -30 -946 -186 -701 774 85 -253 -239 958 547 365 -920 -862 256 -990 -416 -631 431 716 -492 -939 161 -374 114 -114 876 27 887 488 -544 -698 232 834 -119 -300 845 -942 202 400 632 -118
-255 959 -951 364 -642 -841 287 919 -213 -742 -621 -302 -714 104 229 488 555 -984 -346 719 -431 926 -61 898 457 -357 -784 115 716 -861 -631 901 932 -415 432 -694 559 465 58 795 920 -971 760 81 191 -497 -84 765 953 -439 -613 -336 699 138 268 433 -822 367 -540 -541 -318 -975 -653 247 536 353 361 227 -629 -775 166 -250 -389 113 220 -857 -483 -930 603 713 -353 -194 -706 37 -390 -929 -650 337 988 796 347 -739 744 -711 937 -337 526 -242 503 921
-852 -35 587 -716 -671 821 -376 -952 -835 421 205 -224 -115 -30 -985 -64 -370 -312 78 -766 31 610 647 -601 227 -507 -182 -586 -251 -121 319 559 369 -933 196 339 496 756 897 -654 -914 885 -540 568 928 526 535 -836 -966 -829 -206 532 -218 -779 -870 993 103 -350 919 -649 -743 -744 -896 846 -916 -478 -273 942 820 50 817 944 -638 -904 14 547 -377 -292 -246 954 -664 573 296 61 -164 243 84 813 -283 764 -230 985 -982 -802 -557 -460 591 716 333 -160
869 -465 67 665 -699 -83 -985 543 822 439 474 348 -133 -152 -182 51 578 -208 -412 164 -187 250 897 297 857 -40 292 -282 -926 -1000 503 -410 339 114 399 -267 560 658 -136 -203 -557 -583 63 21 138 -578 921 689 460 995 53 -531 -965 -623 508 209 774 -880 798 -604 808 -848 556 641 -519 -91 -541 -606 -87 -139 633 97 220 779 -225 358 178 243 -26 511 991 845 -893 -847 49 379 -903 352 670 -582 -913 -521 -161 83 161 -422 429 141 391 642
-742 -538 389 9 -864 -487 479 8 99 273 -828 -393 241 -841 352 -600 -434 -186 732 -84 397 465 386 50 -236 708 -583 -455 839 -82 -112 -664 394 -745 831 -340 841 -184 444 -154 920 -546 -638 -132 673 -442 -763 158 -854 687 922 59 -747 934 190 290 14 289 -75 -590 224 -662 -215 -409 -389 663 -597 209 -835 765 501 -912 110 -667 -220 179 -534 503 -118 -867 -479 -342 -860 211 -630 276 -42 -822 236 -559 -693 -641 -53 133 -991 921 645 -779 835 307
-329 -571 86 -535 -666 707 82 527 -583 -33 805 -237 548 643 -142 962 412 -49 -326 -532 -947 231 100 -942 485 891 778 -661 -744 895 748 -620 929 679 -377 -356 333 -219 -122 -486 874 -916 949 494 127 -261 17 -351 -468 -738 -804 201 510 -525 -481 -347 454 -95 -659 -61 676 550 845 877 185 -934 -680 -741 -526 41 834 -932 -761 172 -102 636 855 -569 424 912 166 -87 517 524 -631 -925 109 293 302 -598 -589 -945 -53 -282 -137 977 -662 223 951 641
-683 -378 -125 347 -657 248 -211 -143 545 901 -964 -15 787 -940 -366 705 809 -444 -69 358 745 -206 -110 673 365 -903 -114 725 -503 761 -611 -934 275 649 307 -20 -523 931 539 -398 22 378 598 -453 773 548 778 457 564 34 242 -718 951 222 -168 394 786 29 306 -9 543 -189 869 255 -357 -145 450 -315 -67 732 -91 -173 628 91 14 -559 -837 -550 198 -997 -512 172 240 -298 318 395 -223 -365 266 317 -325 609 -382 922 -121 -545 721 -24 467 826
537 -341 -671 -26 427 -607 -593 -624 -61 -726 167 577 -344 76 85 627 251 -752 -714 930 -892 -5 -378 -33 11 325 -545 -293 -810 839 -72 -547 164 589 -821 -941 866 795 -869 -807 71 -647 -481 -787 474 887 -634 -444 -97 502 -182 -241 478 -462 -584 67 984 817 320 -643 744 -966 359 -53 977 -982 90 981 -499 357 -455 527 -585 370 860 892 829 -906 434 10 976 -322 254 -567 500 388 -528 659 565 607 -355 -416 -788 677 364 -440 880 -110 -87 900
948 -505 -518 981 170 182 296 175 581 -735 571 298 -910 710 371 813 -575 -403 479 589 713 317 -984 2 -633 989 -112 246 -199 -924 784 -54 -30 -284 -594 372 72 -884 112 -289 -845 895 457 -201 -876 69 123 598 -648 -608 180 266 -850 654 -749 733 -731 685 232 110 -997 -780 -665 -373 -635 -173 -810 -782 449 -273 -748 914 -447 295 241 785 59 -329 -102 143 -305 61 845 -785 -937 -801 919 -292 136 508 -294 889 -899 -339 831 -956 653 -509 -361 -675
259 -457 767 -284 -886 -883 430 -50 -669 257 -64 128 450 -959 -623 251 238 571 -155 601 -797 -99 -853 555 -199 -976 -529 908 675 -991 70 281 -626 -337 858 109 -718 207 752 800 -947 784 340 -515 -467 -643 -699 939 660 -715 887 -452 -53 850 -224 -66 -653 203 -210 -262 672 298 -961 544 655 522 876 -228 -502 -75 -229 -310 -456 909 739 705 390 333 492 413 -630 136 872 -302 -180 -793 247 -472 -407 410 -292 698 -938 -227 -135 870 -864 -324 303 -309
63 -92 -10 -462 -773 490 -524 -375 -368 -346 -792 6 228 255 369 -219 -975 794 -239 751 -697 506 -160 60 -28 -189 989 -70 441 -371 320 256 -963 -446 -153 513 -856 -290 -705 445 -574 -40 -526 -817 -568 829 -191 135 588 181 89 -670 805 -737 -533 183 856 636 -961 673 647 -702 262 -758 660 -247 421 -353 329 -965 932 -427 -879 -633 196 -606 90 -226 997 -262 -273 535 643 559 -993 881 838 186 -630 -863 220 315 -479 -941 612 -722 -545 -369 -63 -651
-205 162 -525 -626 385 -20 861 -492 -648 -952 -838 -779 774 691 -937 634 813 -773 -748 -172 86 -661 696 916 20 882 -153 599 114 983 -896 203 258 -670 835 213 -316 -941 -403 590 646 962 697 -553 534 205 772 295 -839 -119 -346 -803 192 -503 -416 863 -183 -963 -909 -57 -850 416 -852 -712 294 472 -958 752 -426 417 -735 850 773 347 310 135 -659 -565 259 83 107 623 -868 -575 -610 -197 -689 544 -906 578 -845 942 -980 -246 840 -517 405 473 -248 -452
-580 712 766 -880 660 575 531 -544 401 304 949 -645 56 210 -6 -476 342 551 -327 972 -675 -348 -550 -324 -93 225 -463 -106 -94 931 -752 199 -537 293 -797 178 916 -454 -163 -124 879 675 -936 -104 212 128 -716 467 63 -97 727 162 925 -121 -594 -241 -211 77 666 439 -214 926 -678 -317 446 -617 -161 592 361 -225 861 7 615 -850 172 607 -456 -577 -694 146 631 -495 -257 -22 -728 386 -59 842 -289 956 -139 782 444 -210 311 -778 -125 248 -182 139
-825 -875 -740 -296 814 -279 -301 707 529 -737 -703 -470 -635 704 -577 50 416 499 -135 -139 363 983 -200 -433 -247 -83 -626 -783 493 -253 -142 284 500 458 169 -580 387 77 -660 355 218 -990 497 713 -674 630 877 379 852 809 -885 642 980 115 -950 -576 -164 403 765 296 572 -888 6 33 -979 947 723 858 554 656 666 -466 100 -50 -149 979 233 967 -657 -35 -129 940 562 110 432 906 810 415 -445 -590 576 -341 -670 -960 -705 -907 -277 264 589 -957
976 -378 -606 362 322 94 -369 579 532 191 -396 -688 -85 -443 -897 -554 -714 -52 -70 500 310 -776 -586 290 -638 -846 690 597 594 732 568 399 912 -623 999 -757 345 135 -639 525 -306 423 138 35 -246 142 -6 557 652 -233 628 905 777 -959 -967 648 -51 -111 419 -575 -555 270 8 651 213 -920 217 -691 -580 -628 -525 212 485 244 470 968 427 -741 809 534 -355 714 705 640 800 515 144 -903 942 813 858 805 38 -858 -700 -241 62 407 45 370
83 921 329 -681 -88 259 881 -773 812 -850 350 692 940 -887 129 -33 407 161 -752 269 -359 -847 -215 803 -770 499 120 369 -364 459 617 525 510 -376 868 971 957 865 -294 59 624 -265 314 657 230 81 948 183 907 2 896 -39 984 -677 -959 -342 -308 244 168 833 949 777 -493 -110 303 -436 -896 75 -311 -737 -417 -703 -497 -75 -948 -982 -443 87 -5 208 -378 0 563 -928 -3 626 419 611 -958 959 411 731 -173 782 -54 -469 -560 -779 -913 -152
198 -913 -434 -837 -349 -157 632 -931 -698 -605 128 -589 677 -427 -482 127 827 864 -967 -510 -707 -178 -259 141 -228 560 -335 -271 -923 -328 -291 136 -480 -179 -126 -801 867 -957 -892 -460 113 826 715 -674 -894 -567 891 135 -788 195 -989 24 -988 -319 404 -748 556 992 -771 865 -433 446 586 -524 919 388 -287 -438 725 74 209 -958 244 317 -791 -537 -102 689 50 32 -503 169 -436 -34 491 261 970 907 -194 -706 915 511 147 -581 -971 465 -231 -202 356 145
-512 -197 816 873 -775 575 -385 690 883 -139 500 138 -26 -772 -852 -527 655 323 598 166 -25 -137 -861 -247 -328 -718 -534 245 -539 334 100 403 -707 939 -521 118 860 -797 691 902 -518 -420 109 -720 117 -450 712 -364 865 -627 654 949 -790 272 725 -342 -399 -648 386 806 745 324 -907 588 -295 782 -827 139 -719 934 -573 530 68 -447 202 -18 71 -99 -141 -819 843 711 -739 533 922 -186 83 -896 -888 171 -289 -567 444 -666 350 -508 14 44 -480 498
-764 -60 -225 -568 -701 -601 -595 -158 463 740 40 -727 897 316 -912 115 898 -204 -593 -284 548 -435 -415 -150 136 122 355 860 993 -467 -578 -456 130 -872 -482 267 -755 -525 -717 -286 19 895 382 -132 772 -927 -757 -864 -778 -791 -564 -969 -707 86 -143 -414 -731 -500 650 -323 -956 103 -854 59 323 778 886 -501 990 54 585 756 818 135 545 458 -880 625 220 451 390 102 -970 -311 -607 908 480 -331 868 419 155 265 -863 488 624 -628 362 36 -462 -317
-686 904 697 771 -32 92 -181 -334 -120 -717 -378 -955 -478 931 -54 -171 593 218 -724 433 865 898 -51 949 -5 912 303 -220 280 230 -201 -174 -980 -640 -515 -741 465 327 -584 -95 -187 -983 -118 174 -410 -673 -668 -888 -681 648 -511 -835 -569 -39 -710 -417 202 -765 79 -492 209 248 -946 448 345 714 -394 -880 513 173 -241 137 -214 612 -649 -618 920 -709 523 956 -737 636 960 651 752 451 -998 916 -744 -33 -17 -228 745 680 693 -328 403 149 -452 -83
-640 297 843 -18 -824 344 -613 91 173 -465 727 -570 511 290 369 309 -92 562 -430 -417 573 245 -320 18 -190 966 -12 822 45 24 112 361 176 -233 -935 -891 -349 216 -185 851 840 104 -476 214 811 50 -553 713 319 -65 -169 2 -758 139 333 928 -29 587 -225 456 544 -930 -614 891 517 938 353 -451 -671 -9 -641 -708 -557 239 -239 -923 -355 992 -385 -717 -615 -134 313 729 254 482 -752 -693 934 548 -69 -800 923 -921 689 832 667 -416 -307 -46
-663 -180 944 -455 -669 845 997 -116 -76 -432 182 656 181 -102 -804 -11 -672 31 280 786 350 -419 -798 -269 -183 -991 115 -417 -535 -403 911 -726 655 633 -57 -561 -824 -707 -892 525 -697 -653 664 120 445 898 817 559 79 330 865 -987 -628 -352 -702 879 -909 -728 -817 -895 969 -925 632 -605 -877 490 -623 -543 118 109 489 -700 513 138 279 -420 718 654 788 -666 -92 -689 -248 -732 404 -606 336 669 581 296 -819 565 468 815 -353 762 364 744 630 190
-752 956 921 -401 574 -670 -313 719 747 -783 15 316 50 -459 841 -245 -979 687 833 -754 -462 164 685 421 -348 -443 -174 -993 584 58 -743 -776 -434 448 -119 -500 175 672 665 49 73 -570 603 939 531 -708 857 -834 -839 438 364 -461 -1000 156 -421 -504 167 324 216 -838 748 347 -846 902 772 -943 928 114 -450 -257 675 -981 637 -560 -498 -653 334 428 375 -356 -517 418 -809 -862 528 -56 445 -546 -63 -624 784 204 -370 -438 -270 -686 -66 129 852 -475
-890 40 -733 442 738 632 -237 532 -781 -140 -782 -846 -853 775 697 -967 -652 -160 25 -879 -740 396 -17 64 218 85 -400 280 -110 -916 435 552 78 426 201 -29 -458 -376 -34 256 -102 -319 701 503 -980 -718 -813 641 581 755 505 795 -390 -54 279 712 -558 -518 -274 -983 -57 140 -601 2 720 -702 574 -649 55 502 597 -667 777 196 -438 11 309 -268 722 349 -877 880 51 601 -991 -356 -750 -9 516 -657 363 741 73 -816 459 559 77 815 537 850
-480 679 114 164 -440 111 203 -995 -508 522 -605 6 775 643 581 -920 866 784 -242 -164 758 -30 -780 172 -324 -724 496 -414 216 936 -167 778 -852 294 667 699 -163 -609 421 -603 -406 368 46 919 -339 -81 404 351 -62 853 -225 877 777 739 -711 -585 -58 418 -41 367 -45 -744 -903 741 -340 -284 -21 -678 79 829 -318 529 -153 842 -304 594 -996 462 548 -47 -19 -333 -395 298 854 765 377 -403 11 895 125 -489 -881 -862 -256 -291 -626 -871 -371 865
-272 -979 -956 649 855 488 130 -56 977 -927 -93 641 -587 -454 749 -758 633 862 -893 -326 -688 172 874 506 -565 -194 -594 -12 -53 -766 -150 -935 152 -645 -101 -250 -711 -210 656 252 205 954 -781 596 -510 -747 774 -604 -113 853 -320 613 423 330 -17 525 -54 -175 -552 -50 -773 191 -667 -718 -752 -277 9 320 -891 103 570 -473 737 -659 -278 -668 -127 43 -316 344 -921 40 602 161 -392 -411 708 565 79 530 257 -855 265 -662 489 352 897 247 761 229
-281 588 -515 -138 381 315 949 98 -371 -524 -460 -40 -150 37 -32 397 -392 -852 856 972 707 -434 996 130 913 35 311 -494 931 753 186 262 824 -763 -792 374 645 607 -876 -896 -341 706 509 -722 -80 -656 525 -741 361 127 -326 299 -935 -50 372 -409 -989 -203 -754 109 -847 -535 -992 784 395 125 -297 176 -899 57 -844 -516 -119 -246 692 252 181 -533 401 523 -290 761 -502 422 423 -244 476 721 -591 890 115 -177 -860 282 -271 469 922 -403 920 233
388 756 217 144 -520 -582 -194 -357 404 -284 -91 -291 928 -51 935 -438 671 267 339 175 -477 870 -862 613 323 158 889 611 -25 694 483 852 -139 417 -444 -111 -966 721 863 -769 336 -854 4 -384 -193 -263 293 -122 -936 -339 -728 784 -257 -526 -869 160 969 382 501 22 482 950 301 -133 648 -999 60 -760 473 127 713 200 -949 161 -491 -214 233 -634 -412 -387 859 -796 -588 298 -472 824 -545 -4 -176 670 -248 960 -510 -317 -95 881 -271 513 622 271
616 -836 607 -721 976 -148 -506 367 922 -833 -496 529 -998 -51 -146 843 555 -137 385 -468 -709 -890 -440 629 -503 -131 -908 56 -885 658 715 -156 -482 -507 -171 488 12 519 -24 -478 -475 -248 -223 -205 -76 179 395 -747 265 67 -936 -511 -130 383 201 -342 -426 449 678 -986 -325 -770 -796 -966 -407 550 -369 -86 7 -510 855 461 172 862 942 131 605 -571 499 -528 -304 -346 -987 -251 -834 312 598 822 793 -476 -912 -704 -991 37 946 162 -601 -153 852 87
-982 866 751 -786 759 970 469 -404 -718 -169 -812 -35 -570 -841 -863 23 381 -379 -170 938 744 880 -615 -724 294 317 -253 -348 -536 860 -174 -524 88 -779 -585 -917 667 309 -652 -293 -63 151 -902 -591 404 -48 -164 939 74 119 -345 -292 -559 678 450 -68 -538 -230 -924 -484 -869 -552 115 -702 -731 -719 -307 -406 255 -943 949 -803 -320 -439 -676 -72 -53 637 -939 208 139 28 929 418 550 460 717 -811 362 389 -26 605 671 852 506 -514 -378 -983 -70 -265
-534 -176 -725 -137 402 881 -66 -78 -414 -908 342 1 -727 492 -317 361 -337 -833 153 -487 56 -127 408 -198 -646 687 -420 -476 89 -157 556 -966 276 632 885 -911 -744 -760 -350 -474 -672 165 323 -164 802 826 13 618 -72 -548 52 -393 -529 650 -110 633 195 301 98 576 -932 175 -387 759 -218 -452 -738 -77 -444 -190 -946 -983 427 286 -359 679 499 -188 728 440 -305 914 -245 239 -255 -762 -404 -480 -489 7 255 70 383 -405 -564 570 134 -792 516 -782
-917 -120 -346 -991 83 365 -559 -843 890 823 -807 -286 270 -721 -375 498 -315 527 -752 -320 124 -774 -649 806 -857 93 96 47 808 304 -291 771 902 -205 -858 91 977 721 -572 -451 -632 416 576 469 -711 929 -951 448 -44 648 958 830 -296 -92 -285 -13 683 550 837 762 -874 -215 -75 -980 423 53 -690 398 163 -542 -83 -989 247 101 285 535 -555 -38 -992 936 -302 -934 -634 -258 -56 -933 -312 -658 -878 33 -646 57 216 -122 -182 -551 -51 780 862 264
801 -480 -931 161 -833 674 -359 -789 693 -955 -254 294 100 747 -671 246 510 -633 -239 -714 479 -4 976 937 644 -498 662 -118 550 -849 -112 217 -957 -325 462 -883 97 682 601 138 -723 530 261 886 -943 -525 -435 715 -460 -349 -975 -574 -567 -700 26 528 559 -980 -424 -945 -91 -510 -83 -780 -445 -299 -419 -458 683 598 -564 -188 187 -939 404 555 958 -158 722 925 196 791 -773 -347 -2 -836 432 -503 949 694 90 -437 178 -830 -55 -513 -442 -367 -486 723
-351 401 886 -23 -771 591 -802 -767 -789 -502 -393 -794 316 782 -848 -421 455 802 844 -916 -843 -549 374 166 799 -270 -84 543 -716 722 793 969 176 181 983 -307 -156 407 -857 242 -452 -296 708 70 -727 259 474 226 -730 490 -167 -476 22 313 -869 -804 -347 878 382 5 574 -679 942 -132 -436 -921 693 977 -625 -162 -682 348 -550 -849 -648 194 112 -451 -844 -539 250 608 -957 -450 -443 -449 -877 -981 276 -508 713 514 -165 135 -836 185 -206 -690 921 -681
533 131 -723 246 -31 -909 -750 807 318 803 950 -564 85 426 -46 269 332 496 -886 -443 239 -673 481 -905 598 -172 -796 679 -536 257 427 -248 365 783 665 747 -315 -242 -520 43 638 -203 -968 -721 -11 -679 658 -567 -743 -102 793 282 904 -29 184 -133 822 599 764 -600 -270 -7 712 607 40 -114 -640 -132 -474 -903 935 -959 -677 -84 -513 -960 745 -583 -141 -664 -271 -636 -995 235 -119 -276 786 628 579 -901 15 505 312 669 62 578 335 -108 322 -694
-731 -636 971 -257 64 238 473 454 350 995 -859 538 -821 248 -939 -772 289 -751 -848 417 445 -834 314 -556 275 178 -279 -110 143 -459 -955 214 900 -562 201 966 118 455 591 997 -109 -680 -211 804 667 757 -993 544 572 431 112 -830 853 -255 -64 -276 -152 555 693 461 -844 -40 281 392 970 -380 981 -620 -27 779 -658 106 345 566 796 522 984 510 -128 -578 -1 -798 736 -528 -49 -73 -415 -812 -247 855 -550 514 450 -622 -936 430 -39 249 -263 -426
-278 57 856 815 -636 495 -635 -754 800 562 232 -972 -7 -216 -308 -351 -223 -902 685 -5 667 -998 46 694 -868 -390 928 108 -162 363 764 -1 869 -621 -106 99 465 506 -299 444 189 -329 446 574 -238 -274 -617 -507 -906 -34 -841 258 309 81 -283 -214 -920 395 329 -737 103 -871 -168 -889 -560 -382 788 200 720 942 29 -881 844 141 453 -678 778 -376 859 91 850 -107 979 427 98 -643 -854 343 -826 259 -792 -346 809 901 933 676 763 -354 324 291
-646 -356 -590 -92 -925 694 90 181 -378 109 54 89 398 -629 966 -732 924 -653 -713 794 -714 -349 -202 416 -689 -306 -379 636 -394 -79 967 862 581 -424 3 745 476 -905 899 -438 586 760 532 -911 -926 165 804 744 -169 -985 -409 -234 405 -475 -408 -153 -731 -240 598 -694 720 -188 507 -204 855 554 1 -210 819 417 -531 -499 422 37 -785 -315 792 708 2 252 -626 -632 227 -307 -615 -736 121 -920 -141 -3 339 131 879 935 593 -236 39 -514 681 209
-468 -76 286 -504 438 -236 -120 608 983 111 946 -398 -586 413 649 -762 234 -783 920 195 -397 122 446 573 -903 632 -63 -444 -488 -615 69 377 999 73 -537 812 563 -343 276 -681 698 -625 518 428 -760 -567 647 731 449 414 -672 -544 75 -421 -753 -959 386 -442 -44 -771 88 -126 -366 985 -380 -595 199 219 232 -818 -1 979 -524 -391 -566 380 -755 -951 -215 797 497 -61 741 723 665 -913 -756 -23 179 35 891 10 -152 795 712 -723 220 -16 756 -449
22 -239 -65 539 802 -637 445 460 -812 -691 46 307 -909 -76 367 36 524 -55 -224 -701 245 -354 733 -535 -136 -486 758 477 -430 478 -548 306 -364 -872 -843 -830 -469 -890 -970 55 -268 -763 -957 56 920 -91 567 862 84 -154 450 849 995 -355 309 750 228 -709 -865 619 -629 -17 -84 392 835 462 28 -683 717 879 -642 -330 919 957 -862 -141 -760 526 533 -444 264 955 -755 -875 -663 -14 164 355 784 475 -115 -292 143 593 -340 645 671 -961 -254 -888
[RUN #19 500 10]
-528 953 452 517 -198 445 121 25 -143 825 879 -878 -367 -201 -952 -299 260 36 594 45 -295 548 406 528 -754 -454 -608 291 -499 420 -959 -745 453 -482 -222 985 314 -221 -85 837 963 51 5 -844 80 -584 -570 578 82 -531 -500 -643 -633 -771 612 -767 -218 440 -755 -418 748 -753 -610 712 -386 -170 -231 605 431 -664 916 340 827 -453 -184 298 423 -266 -214 -420 112 461 191 -338 -253 -363 627 79 898 -35 -892 -881 -480 539 480 856 -565 936 -571 -125 974 -680 -109 -444 207 563 -207 984 285 139 -130 -232 78 -11 -132 511 -153 376 -705 -897 538 138 259 40 913 789 -254 466 954 -409 950 127 799 -164 -260 209 349 -397 671 846 -294 902 -916 -481 -459 -763 4 476 -149 14 -627 231 -895 795 16 -183 -604 457 280 503 802 -113 -665 -685 -556 -146 824 467 50 140 -920 -532 379 677 -41 -394 -662 226 256 558 763 906 -82 238 -674 -349 -621 281 725 800 -587 125 792 702 -436 -673 595 842 -640 386 -27 470 220 26 122 905 978 -799 752 44 90 -533 -373 923 353 696 151 32 658 276 424 687 -807 822 -122 710 -615 -128 -437 553 -255 546 844 770 388 -991 755 619 506 -476 -766 -171 -275 -80 171 -900 857 114 -672 -433 -133 991 -435 -166 -549 12 -714 999 -336 -785 -513 -442 707 61 233 -26 422 -62 3 -32 -237 -460 -732 123 222 -333 -631 590 832 468 -721 327 -913 -971 -933 211 -98 695 -812 -795 -83 -456 996 -590 -620 241 793 -203 287 185 754 -671 -560 -752 130 -348 -182 -729 119 -140 329 527 -356 -93 352 -865 -524 -796 -612 639 200 981 -577 -819 -162 599 -278 344 -718 740 201 -312 525 362 -698 -380 572 -784 -758 164 -851 614 -940 8 -683 -405 -887 504 289 483 17 97 -264 326 -695 -309 -399 -495 -801 371 -860 -598 -719 701 -289 -948 -667 -110 -285 943 372 336 648 269 156 -942 -917 177 896 -391 -505 67 444 -630 428 271 -842 -788 -578 912 128 -220 813 -297 931 -624 -822 223 -262 -77 -731 -17 -479 775 417 928 -632 -639 159 -599 513 -889 383 -357 700 318 -770 496 596 987 -859 155 -365 -817 441 400 -22 23 859 -738 -6 -428 970 814 -151 -451 -904 -462 662 218 147 744 -957 9 335 679 286 888 -691 -973 585 -192 73 -642 -909 -656 551 -235 -124 -944 657 98 -537 -791 537 692 -925 -75 603 -158 -14 -475 -516 232 743 -29 -936 69 217 -687 -586 -377 -13 308 -138 580 575 297 654 215 108 -210 -616 -92 850 434 -773 691 -847 -490
322 905 938 -352 -153 608 -790 215 572 887 -843 505 295 980 -135 573 -384 -820 987 -475 -539 -830 365 313 962 -871 316 609 407 -131 -729 740 -158 126 731 -295 632 268 434 447 564 -971 -105 -585 242 614 -885 414 893 239 107 -770 -791 959 86 695 -821 307 -849 526 626 -98 458 -259 256 -64 -516 245 73 -118 978 286 376 291 758 81 -56 3 680 128 -948 805 -682 -72 197 -777 80 -26 -398 -883 631 944 -720 -525 169 -997 226 62 580 -815 727 -827 -197 847 -436 -544 -448 -127 815 216 668 -914 833 -679 258 -700 878 487 -755 -21 88 -431 -65 -440 697 658 398 -156 -24 -512 -882 -684 252 866 443 -154 644 56 -316 -32 -487 132 -222 -658 790 -908 103 594 524 945 -173 -697 -736 257 -994 417 -564 -595 -670 -742 820 -518 787 284 -195 183 819 -488 -675 -844 -806 920 72 -355 -53 744 -41 375 -272 923 -964 -548 317 288 -509 -641 109 602 -412 778 186 -244 -395 -182 -95 -789 -751 282 345 419 -864 -341 -57 110 -313 -699 432 -780 -850 -642 -723 -955 -480 553 -659 441 -593 -747 192 309 -614 -459 -501 -187 652 995 -169 248 659 -327 -125 -677 -189 662 645 -672 -249 269 -370 -566 -456 -260 446 810 241 -413 -665 290 302 543 130 -662 -552 238 685 -939 -93 -180 -11 -752 -52 430 -453 -253 860 -463 384 184 -46 -359 465 23 131 -875 -772 969 -503 -38 -287 294 -783 -220 250 385 335 511 -241 354 621 585 -812 93 -775 762 -663 276 -630 -526 -271 531 -185 856 -20 -825 548 -333 858 64 165 677 -897 843 462 437 -851 875 -531 670 285 515 895 -331 478 377 -176 -520 53 -577 207 845 -803 748 904 378 -458 -426 -527 -68 627 41 -300 402 -139 -854 -929 96 721 -483 857 -515 -681 312 -965 591 -226 -711 390 542 734 -227 40 168 426 687 -536 348 -941 287 424 -625 433 829 504 -938 -912 293 754 -698 -393 589 -446 -224 301 -942 -894 -172 -405 457 -114 -330 -389 -601 714 289 -51 -589 -575 394 25 -652 -322 111 916 -602 308 -275 -517 989 495 924 -62 127 915 -693 812 -190 45 -363 420 359 930 -616 65 37 -644 -67 -917 -863 -177 113 -572 -324 264 919 442 -368 869 530 -39 461 -610 739 -237 -137 933 867 985 879 -962 494 884 963 -673 -92 -159 -119 537 -344 -258 466 881 -325 374 421 -976 576 988 -767 -809 163 -570 854 -599 502 882 -765 -816 -60 -301 -277 170 -450 -157 -860 -319 948 351 660 234 -683 -931 449 -348 213 -557 -427 206 492 615 -397
-193 821 852 991 -447 -732 -957 -282 744 -333 239 260 -818 594 -619 59 17 984 679 55 -417 1 625 375 -52 -891 -594 725 -261 572 -517 -222 -439 -794 494 67 818 -760 -729 168 -998 -104 -849 943 -999 759 -298 986 -800 360 -126 -327 -946 877 249 492 807 -297 632 -984 361 -838 -284 997 -171 -340 -644 -717 490 186 -187 14 857 -400 -194 936 -465 -525 577 -195 -696 156 -925 723 -415 53 952 497 -14 -95 565 272 -102 716 -504 108 192 -924 -871 -548 237 702 46 457 -278 286 364 -757 966 582 -389 660 166 947 290 674 558 -268 817 708 -728 -589 164 -64 547 -241 -27 855 767 307 -44 -370 -571 38 132 639 -833 178 902 -825 918 -814 -488 888 -953 439 -694 -287 617 211 -636 -660 950 867 721 219 -124 351 -184 -672 106 -296 -215 -870 -272 -727 -626 977 -560 550 -650 481 -639 -736 418 -378 -860 -684 478 -926 -566 -808 882 -983 44 805 297 -657 -928 -902 564 -714 -429 -834 975 707 819 928 -307 -764 -336 856 840 318 588 946 -115 -62 -992 866 -158 828 -487 728 -656 -170 334 -188 357 -709 -653 736 103 496 979 -612 359 913 12 -795 722 732 437 -229 -318 -950 212 -577 -803 -774 474 778 77 394 369 -958 468 -909 672 646 60 153 -935 737 -568 717 663 579 542 -454 -726 292 187 -911 -721 -285 304 541 -887 -511 -599 837 751 -49 234 -32 -533 -878 484 -486 -160 964 -908 10 404 409 -508 -390 -452 225 254 517 -15 -302 -20 948 -625 -356 -527 910 -146 245 568 -669 -744 -830 -610 -550 340 875 760 130 -977 -199 89 -217 -136 -790 999 -221 -767 937 -375 794 95 488 -631 402 324 -813 -210 -78 -206 389 -324 -39 -289 97 29 151 18 575 -677 -975 -835 -138 906 -431 -410 -493 903 -420 -971 100 -804 120 -43 700 -275 -542 -506 141 -730 -886 -435 -700 593 771 -503 444 30 -500 -973 70 885 -383 -988 729 863 -850 -978 -407 -687 847 -802 105 327 -826 183 574 -927 35 92 329 472 -959 812 182 -962 597 117 -466 124 746 598 -545 50 -859 -756 -17 -601 -11 -534 -179 436 -341 368 396 -681 -111 258 -941 -609 412 509 213 399 414 -5 -360 268 755 -627 84 648 865 980 -216 462 135 813 -575 802 613 770 836 -740 944 -294 45 534 878 -624 102 69 779 570 321 -91 -785 298 -152 844 -129 -845 -692 54 853 -551 424 -247 752 -853 299 -273 710 -985 144 446 280 920 992 -28 -661 -311 634 -876 -526 -376 774 820 -801 -141 -166 -354 823 189 -623 -404 -464
-459 -454 891 -827 181 -55 -395 -857 934 -424 -673 277 590 -523 -279 271 -164 577 -859 -522 -597 -682 -422 -187 -815 55 230 -595 -103 421 -846 118 61 332 154 805 -795 556 -26 -907 877 922 93 -965 617 -545 -740 35 684 -478 182 -504 157 142 434 337 -70 -872 -594 -437 -695 -285 -936 -736 793 -777 598 681 -315 128 -655 -528 -742 -323 -166 -371 -749 -435 -35 -664 967 716 -283 -205 -360 -821 -640 -94 584 248 -15 896 -994 -131 821 483 214 842 -73 -61 516 606 -813 -839 45 983 824 -792 752 179 690 -513 943 993 539 -85 116 -475 733 -684 239 790 223 753 -337 -462 -955 -893 908 -138 996 28 -553 726 -122 -689 14 -288 161 647 675 -988 -652 446 -342 -95 -334 -266 194 -100 930 -162 325 850 -566 723 -134 -429 -133 -646 31 204 -480 140 -760 711 -387 -81 851 626 198 188 186 686 -391 965 -335 737 -667 949 299 361 476 -382 -14 289 -511 463 -928 -17 311 763 802 -484 819 -853 346 384 724 357 -208 -321 -211 -256 -621 -452 -669 574 781 -101 -222 -336 124 -469 560 -311 -204 -526 644 -188 -721 -260 -865 103 878 -184 -200 700 -616 133 234 -412 808 719 -657 779 678 -235 -831 709 498 -658 -870 440 349 713 454 759 902 -927 -45 398 -352 551 -774 -217 621 59 -181 174 549 -180 861 705 -560 -84 -649 -603 -540 -289 -372 676 -386 873 402 -120 310 5 39 -705 -124 816 -346 -492 -931 -16 -709 485 727 228 296 -291 -604 -156 -581 472 -212 -825 970 -507 -838 905 812 -248 -692 50 -427 629 984 925 79 -925 -358 -580 -146 718 71 -532 -818 -920 6 786 -381 159 985 -543 -78 -902 294 -786 643 -77 687 141 -269 -727 -677 -804 2 837 -637 843 -850 -587 -263 -903 -79 -974 -843 -542 -935 119 -12 393 -973 -89 -572 229 798 -617 -438 509 -734 -781 -301 514 720 435 -978 800 -753 -165 -444 -518 465 324 414 607 245 734 -185 -163 -608 -193 -715 -751 -743 722 -887 601 -177 515 -876 -932 942 -296 -32 -996 171 -830 -64 101 -359 -121 559 592 219 -66 772 917 828 -961 298 67 568 615 81 70 -820 628 -210 272 962 887 336 554 941 121 -25 -958 -396 -693 125 -41 672 -171 757 -573 -847 -780 728 489 -904 -183 -113 725 526 810 -6 -144 112 114 366 -80 254 894 -801 363 -586 -186 -182 80 -524 -900 -509 -290 -172 858 -136 220 631 -969 -105 457 -299 576 -798 38 86 751 -252 -112 180 -174 189 -493 -487 -538 389 293 697 -590 -46 -27 -704 542 691 -639 522 520
-698 261 591 601 -268 138 -537 -627 -559 888 -372 458 -273 -15 -493 50 -523 108 -312 255 608 711 94 764 -912 541 -534 806 596 -989 -328 -23 -857 463 212 64 -67 -363 477 -807 482 986 93 818 149 193 -456 -198 189 -481 758 514 433 273 -605 869 -719 527 -990 -982 -603 -825 513 972 148 584 312 -573 -996 -189 -550 -113 -296 -44 656 -683 -993 -764 56 -152 -149 -729 855 945 -834 -816 -542 899 -643 836 -348 -332 -699 -290 649 -216 -153 638 -602 287 788 765 -820 489 798 -979 -574 167 -457 162 224 292 194 510 -468 -190 -977 572 435 -881 984 419 -502 499 -134 -167 86 873 -402 28 -731 505 374 -220 235 -158 -528 -520 -317 131 -477 -718 503 127 881 -527 912 -143 253 -230 -7 -28 280 -275 90 -151 562 409 89 774 98 52 421 216 -822 -753 737 587 -503 703 832 760 69 -278 -391 284 -792 1 722 95 -628 394 249 355 -700 768 -150 664 -599 783 -429 -141 -971 -448 62 -564 159 -632 -188 515 582 -730 490 -687 939 152 -779 -962 931 -886 811 -688 -908 -339 -663 389 -517 -388 857 926 549 -442 -684 -201 -294 -967 -130 220 -169 -428 399 949 512 -526 -798 821 960 -504 -925 630 -205 -565 5 -800 -322 690 381 -722 730 627 -768 -327 -679 337 990 727 -395 -691 -705 856 -207 -463 -943 448 -871 655 425 135 -521 -418 -45 133 -818 -65 -407 -283 99 -833 615 318 -20 -811 -916 -120 -27 2 411 545 631 982 -100 941 624 301 -187 -234 -623 996 -717 885 464 661 -116 -311 694 -957 -209 474 508 -513 -776 150 -191 -276 -697 -754 392 -142 -313 -266 -221 696 -140 622 -39 -227 429 -30 946 210 718 -842 738 -262 943 -175 491 969 -678 -133 -320 -591 -689 546 -401 -155 -335 813 648 -382 184 -660 -106 -654 796 810 43 535 -545 -724 761 -471 -707 -247 -430 -58 228 909 568 847 -501 340 478 61 27 663 -219 -937 54 -593 -47 196 432 -747 -515 874 -714 -876 876 328 -176 -37 -179 218 934 913 -801 -929 786 170 110 592 -440 -323 506 -128 -310 -694 -785 -250 -907 -244 963 -622 -736 848 297 172 -739 973 -464 -284 961 797 669 681 -770 803 -905 -159 70 -952 938 897 47 126 -966 -981 -204 -24 -548 -195 -863 84 103 -847 -827 405 -500 -122 -646 958 67 -295 -946 -789 -347 176 635 -52 17 -511 495 174 79 -18 650 168 479 -249 451 792 606 -865 369 -535 -299 130 -84 816 265 438 839 953 892 744 154 -397 -486 539 872 -196 286 199 -923 25 -744 -758 -629 -270
-856 -38 498 772 29 482 864 -518 -485 605 727 904 -524 -905 914 790 -279 908 -962 -188 -216 -842 -497 -70 861 532 686 -377 -866 -404 -443 787 -2 -731 582 -225 833 -54 -677 -180 555 -970 -124 -185 -215 -384 -896 -420 -629 -744 -9 664 -189 907 -463 -765 -64 -595 -774 -954 19 82 -320 568 -345 404 -388 777 -861 985 72 925 -73 466 -588 -430 -137 632 -322 44 -34 -84 -568 -66 982 666 -628 27 -543 -295 506 -63 662 -619 -341 958 426 -681 696 946 807 971 769 983 562 821 -206 -116 728 70 -641 299 528 -763 -603 -974 919 -583 170 -385 43 -340 -395 -786 -311 -194 -698 609 -35 -45 -390 -674 800 -811 -406 734 -702 -501 629 548 738 200 -801 440 592 383 18 -445 -639 913 -55 533 -806 496 -818 -262 823 -429 -844 331 -144 -704 801 -956 -961 -308 323 -746 -520 941 -705 -713 -196 -525 929 446 783 -748 -776 94 -314 -312 208 398 977 -323 -313 -992 7 955 -802 110 -687 -834 191 -221 -987 -354 475 -616 -304 176 -719 -297 -357 434 467 -129 633 546 196 290 -852 -546 23 -601 150 -374 -535 412 -658 -77 97 -885 -732 587 -750 -109 794 307 255 252 -247 -855 301 -596 -302 -863 -544 813 884 10 667 890 -697 56 742 -12 922 739 -369 -98 -755 -745 391 414 -880 530 328 614 28 -301 499 -428 -382 -130 622 909 -251 89 543 -67 -655 280 804 -554 -437 702 -675 722 -1000 352 63 346 -136 866 -269 392 288 -263 557 -883 943 -224 488 3 99 894 -349 867 -756 -891 -920 -198 -594 321 218 107 903 -703 615 -886 -833 -757 809 995 976 990 -409 96 711 848 293 247 -873 219 -179 318 254 536 420 648 -95 -290 251 -207 274 -10 657 -103 -499 -173 292 -151 338 -887 -361 932 190 -768 870 319 -695 -470 641 -633 -737 -600 522 612 -72 896 38 354 780 -586 -276 -971 -671 334 -146 -132 529 -573 -984 -383 75 -168 -213 -682 164 478 102 831 827 588 610 563 283 744 345 -401 209 573 -51 -582 -978 -758 674 -942 -707 524 37 -331 127 474 -88 825 -391 -858 525 -562 -156 -474 -342 920 -536 278 -150 -93 -814 952 101 400 417 -980 16 -928 549 -859 151 910 -694 168 -780 -423 223 -720 832 306 -541 -606 616 -24 257 228 -661 596 -589 -968 -458 -733 -482 -591 265 -43 -415 -635 123 -789 -248 509 270 687 -960 284 -983 -265 174 -788 980 -286 4 -947 828 654 839 -994 987 197 418 956 -83 545 -777 817 764 399 205 786 -167 -642 464 -112 -387 -32 -773 -545 -944 601
-630 -876 -270 45 -86 -602 -110 -57 -937 -855 320 -421 -499 499 -906 820 -614 502 -36 -636 -761 84 926 109 -94 -520 535 749 139 -794 -848 -229 -261 -554 735 -192 -971 -780 -588 445 -777 -216 -357 905 776 -900 -600 523 815 390 747 -786 909 -201 -778 -44 -978 359 567 -907 -508 606 -750 169 -847 -679 372 -437 399 965 -107 -377 150 969 -783 281 -982 -220 270 186 376 -832 452 600 -123 -755 -66 687 -514 -993 -292 -158 -518 404 291 -332 693 218 -885 -125 -551 405 297 341 645 -663 67 -142 234 -867 -729 703 -89 202 -150 932 -820 30 -976 49 640 314 869 -941 995 681 338 9 -371 -462 -210 20 -415 -98 -548 249 561 862 -268 -454 -849 -389 -632 816 -428 441 -572 -354 -563 -217 471 -819 -896 591 858 -995 237 72 811 -340 -813 653 466 121 -674 -912 755 -78 -374 256 -843 -775 15 -488 -265 -863 160 691 -399 123 -884 302 -535 -386 -453 696 -852 446 -868 -19 23 -7 28 295 -330 944 -827 89 524 -272 -681 365 -957 -472 595 559 -629 -206 -124 436 623 241 -673 171 -704 -522 416 505 -230 -310 -211 513 945 -74 -607 -177 601 -390 -37 590 156 -5 -943 -610 112 906 490 -295 467 -737 154 -375 -659 248 -931 -91 -14 -790 381 200 -297 615 -64 -218 276 -461 377 -255 408 -342 304 108 -48 29 -765 14 -878 411 100 548 425 -788 -459 726 -456 485 -998 180 -857 522 789 228 -489 271 -864 -137 -509 -944 -833 -392 -815 438 -277 459 -846 -344 -172 -549 53 558 999 652 940 -973 850 -583 207 -449 -994 896 418 -866 289 238 -118 787 963 785 430 865 -23 -363 354 675 964 -359 -498 456 244 851 622 -221 766 -546 -612 -793 520 177 197 -922 -250 -353 635 189 -100 -54 550 -701 507 247 720 355 -567 -492 915 737 -119 682 -529 -545 114 274 -725 -672 496 698 -796 19 649 473 -784 794 46 846 736 360 217 -495 -743 -188 -480 -652 167 568 151 -144 -699 578 -578 -643 -116 -18 87 660 584 -426 576 -122 894 257 -504 -240 -486 -979 880 216 958 353 841 -875 440 710 -697 -455 -246 -929 63 322 -30 683 714 818 -597 900 -869 -590 648 -381 -38 -582 -830 577 -40 556 389 -467 -170 -641 -746 962 149 -239 -412 666 914 305 -225 24 -131 -347 552 44 536 -273 585 913 764 170 521 -264 -825 -29 638 878 -946 -968 410 -565 975 361 -719 -321 -306 422 -403 165 -87 -798 506 -324 741 -207 -433 711 -388 -262 -950 -821 686 -169 -633 191 352 901 -393 -42 757 -961 -410 817
-746 -978 977 -422 -689 -819 628 245 -534 133 -5 -869 -298 -714 -299 -340 467 842 -852 494 -986 329 641 865 16 -177 -333 -665 112 834 -566 -312 -92 -58 141 747 87 666 -260 -799 839 779 46 124 -410 701 -434 -707 -773 -663 48 777 304 295 53 -930 -456 536 -970 456 592 -288 132 162 840 375 612 -214 -46 -389 -117 13 177 -923 975 -172 -525 213 -733 -379 120 -493 282 -402 519 -281 -900 765 -913 209 -696 -221 -198 -812 -229 382 289 -824 453 920 224 -653 -708 -896 -849 -637 168 -421 -280 595 -933 794 -807 782 558 -741 564 118 -754 229 266 -601 963 670 470 186 -327 439 -655 -208 -238 95 559 -542 290 385 -28 269 -180 -161 -482 932 -916 -762 273 -931 -874 -529 -780 -578 179 261 393 -308 -702 70 833 98 -261 871 337 182 197 -798 -353 128 621 680 199 156 244 -466 -778 -74 190 79 -801 -25 231 287 -748 -216 215 259 -551 -630 771 667 795 767 745 -365 430 910 378 338 -518 -838 -761 -832 -188 235 -752 -920 -927 815 -785 569 876 849 -170 869 606 901 252 -980 -645 268 585 450 -142 427 -163 944 -636 -31 2 -700 -522 -134 -38 764 524 134 665 691 -814 503 -786 -206 -122 -902 -460 63 -446 -248 -713 -738 32 -574 -736 -468 -336 -35 798 615 352 593 -429 174 -314 646 -277 -731 -330 -55 379 570 743 -4 644 -67 -678 -993 -680 -223 725 380 -325 639 428 -589 397 -382 -290 651 -342 372 -272 -557 -880 -84 -155 123 194 661 157 265 451 -222 -722 -106 -335 -887 30 460 -686 -550 -462 255 994 11 -121 575 54 -794 163 -284 -567 35 946 753 971 807 193 49 997 986 -236 -82 885 -43 729 654 145 584 -45 -718 -894 -539 -609 -356 205 -886 566 347 721 -615 135 -400 36 -296 -727 99 -473 -676 -396 309 364 429 113 -674 384 466 -690 -597 -184 433 -983 -919 -315 -890 -725 459 596 -103 571 914 695 942 821 514 -346 919 902 526 90 -802 733 -1000 369 438 -912 -788 -263 -747 657 -431 679 -743 950 -320 -377 611 831 479 50 -204 967 -810 855 203 -709 724 625 85 -157 631 -553 -9 495 -220 608 327 785 -572 -102 -47 -13 -756 -470 -266 -228 -692 -237 806 -768 812 -203 805 -119 -463 -457 332 586 694 343 354 934 709 -310 110 -948 -994 516 18 326 722 17 951 669 -78 441 496 64 887 -682 -976 -974 685 -40 391 925 462 153 -63 711 -596 -793 274 930 -357 420 43 -502 57 497 -934 -614 150 164 -604 -484 620 -252 -770 866 -854 -289 872
-964 -680 -517 93 -931 -127 -439 -936 571 485 -227 -180 385 798 493 -808 -440 -529 505 29 324 -242 -951 -489 -958 -235 -55 -908 841 -809 -653 -600 -433 -930 16 -594 -952 -444 -916 710 392 -106 931 320 -869 789 388 -557 163 32 584 -31 879 -137 -416 318 25 536 785 -830 263 -922 -68 -844 -971 466 -405 -299 -705 -11 -607 -674 -437 243 -212 -121 221 43 -293 -959 595 40 922 -997 138 896 -65 -278 462 847 -148 57 -308 443 963 -893 -941 689 -530 779 422 -228 265 -285 930 -132 213 -457 -615 149 -183 499 -619 -760 362 -552 725 77 693 886 286 650 939 -378 618 -225 241 627 -420 624 -634 -332 -860 183 -918 864 87 -423 -523 -251 -37 -306 839 -196 -140 -753 -74 630 -730 -915 -98 736 750 -415 -583 -909 -172 447 236 -735 985 -157 -765 -303 -211 941 -412 -6 -311 -482 -472 -360 953 -67 -73 -943 -329 -758 191 -609 -991 -536 -252 -81 874 -464 -526 -798 -171 -319 84 -129 -706 -145 -377 -983 -508 714 -477 3 441 -471 -484 -152 987 529 875 -28 -744 907 -463 959 996 -949 -432 -627 242 546 -176 -555 538 531 -882 -136 -47 523 -733 784 -913 -178 -665 602 129 -910 417 521 766 -873 -75 -344 19 134 166 207 774 -283 -560 -113 -353 -628 940 642 -343 -547 604 226 -104 -937 570 -590 572 -417 256 290 -58 -451 967 331 -528 212 812 247 31 -395 -525 -968 -222 -817 588 849 903 18 -331 749 -851 -577 -992 -707 -177 -778 250 -796 -632 504 -229 781 160 185 51 423 -966 -578 563 654 892 698 -456 551 435 10 361 -124 -1000 -621 600 227 -620 681 27 -984 28 -565 70 471 -660 44 -190 453 586 351 986 375 76 152 576 900 811 918 -764 177 367 347 911 555 -296 327 -662 -208 -455 22 924 -130 -725 822 821 876 -254 35 278 312 -404 139 481 -953 685 671 277 309 -200 -491 920 98 -751 -71 583 103 -806 829 730 -669 316 724 -905 36 598 233 565 -36 -570 916 585 311 597 632 -903 -325 -614 587 -289 -677 8 -486 394 686 148 522 668 -864 981 -12 819 -818 414 942 -970 132 -122 -556 113 548 -214 -592 -295 644 -10 -989 74 -981 680 619 633 245 252 -928 989 -101 828 -697 -755 -265 -474 96 222 713 -280 -550 -3 561 816 -42 -695 -500 -857 -901 895 937 -206 -372 -731 -933 196 -184 -485 383 308 -382 759 -663 357 379 -213 349 189 -563 -588 248 -426 -584 -524 -365 269 517 -582 991 209 -492 -900 -263 977 -746 -447 534 -954 -260 -907 542 133 205 496 -512
-667 149 229 -733 488 152 -281 -495 -440 -356 -586 506 -996 794 626 -2 767 -740 435 -38 -77 537 227 241 -469 210 -707 635 -22 -56 675 157 610 745 -137 773 -738 -610 482 -729 544 -373 548 740 -369 -133 -598 -387 523 -366 299 192 780 671 757 -453 -868 127 946 -200 902 -138 732 350 -599 -71 -67 153 -858 501 156 -934 -378 372 -171 130 39 -1000 951 243 44 613 -50 -422 871 -583 -19 452 -905 -371 52 981 -130 258 -711 -106 -131 20 24 -811 -799 219 818 -212 -879 -864 364 706 -250 -219 121 273 -540 962 590 -812 684 628 -860 -895 99 -59 -614 -741 -806 -115 -835 -703 -619 69 -861 602 -345 -287 303 845 -702 837 -592 -509 -771 597 -320 447 368 354 -374 283 -829 -980 966 -634 -113 -840 666 -213 719 511 -165 260 -918 -724 320 -752 -925 -742 337 257 577 147 -368 -463 596 366 176 143 393 522 -538 53 171 83 -744 -664 976 526 870 -970 -149 877 572 -964 428 491 -674 910 389 276 -548 -562 -285 30 -917 690 -92 47 200 -359 -514 -136 999 639 -966 504 -656 63 -237 298 -168 -45 -779 -423 107 -577 712 308 481 -493 -801 964 61 -73 -223 418 575 341 -409 552 -166 -295 471 -957 -851 -334 903 197 -828 742 -595 -626 -849 225 -515 867 76 48 -894 -391 -479 66 -438 863 -153 -382 884 698 115 -625 -8 231 -572 979 209 896 -111 -217 641 917 632 -737 -921 499 533 -270 709 -818 -336 -502 15 -325 236 42 856 677 -101 -146 -407 -936 422 956 7 88 -537 -404 374 587 -974 -796 -447 25 285 -499 -402 254 -995 6 -65 560 926 707 8 -611 296 751 -676 -863 -196 957 938 -822 144 207 998 -413 670 -432 -764 193 862 988 -496 -414 220 -230 -761 562 -889 445 929 -435 984 680 -268 184 155 0 -454 -32 -39 -6 342 -643 731 -365 -179 -584 513 -666 -804 -257 790 -66 726 396 509 -44 -244 -792 642 -328 -229 961 196 212 -511 -981 916 -542 965 570 485 -693 -392 -12 580 315 -573 380 -327 -865 -872 352 922 -233 531 -74 717 443 576 -445 763 622 -649 -953 363 -507 344 892 -517 -326 907 438 -817 940 311 462 345 615 -227 361 700 944 766 816 -556 611 -886 -755 442 -403 185 -574 58 267 -314 943 -988 874 -776 510 -114 27 -558 217 -226 646 -639 -36 -882 384 521 233 -916 -428 -350 -749 -91 -857 -991 887 291 -973 -297 839 -276 518 -911 -734 -189 -231 -186 912 873 -161 -680 -426 100 598 634 785 -518 -116 -109 591 -624 349 -501 746 -728 -607
